<?xml version="1.0" encoding="UTF-8"?>
<testsuite xmlns:xsi="http://www.w3.org/2001/XMLSchema-instance" xsi:noNamespaceSchemaLocation="https://maven.apache.org/surefire/maven-surefire-plugin/xsd/surefire-test-report-3.0.xsd" version="3.0" name="runner.TestRunner" time="2323.917" tests="68" errors="0" skipped="0" failures="5">
  <properties>
[...]
</properties>
  <testcase name="runScenario[&quot;Verify Admin is able to land on login page&quot;, &quot;Login  Page Verification&quot;](1)" classname="runner.TestRunner" time="18.563">
    <system-out><![CDATA[
@Login-Positive
Scenario: Verify Admin is able to land on login page &amp#27;[90m# src/test/resources/features/LoginPage.feature:4&amp#27;[0m
  &amp#27;[32mGiven &amp#27;[0m&amp#27;[32mAdmin launch the browser&amp#27;[0m                     &amp#27;[90m# stepDefinitions.LoginSteps.admin_launch_the_browser()&amp#27;[0m
  &amp#27;[32mWhen &amp#27;[0m&amp#27;[32mAdmin gives the correct LMS portal URL&amp#27;[0m        &amp#27;[90m# stepDefinitions.LoginSteps.admin_gives_the_correct_lms_portal_url()&amp#27;[0m
  &amp#27;[32mThen &amp#27;[0m&amp#27;[32mAdmin should land on the login page&amp#27;[0m           &amp#27;[90m# stepDefinitions.LoginSteps.admin_should_land_on_the_login_page()&amp#27;[0m
[INFO ]2024-10-2912:24:21.953[main]utilities.LoggerLoad1]-Quitting the browser 
]]></system-out>
    <system-err><![CDATA[Oct 29, 2024 12:24:12 PM org.openqa.selenium.devtools.CdpVersionFinder findNearestMatch
WARNING: Unable to find an exact match for CDP version 130, returning the closest version; found: 129; Please update to a Selenium version that supports CDP version 130
]]></system-err>
  </testcase>
  <testcase name="runScenario[&quot;Verify Admin is able to land on home page with invalid URL&quot;, &quot;Login  Page Verification&quot;](2)" classname="runner.TestRunner" time="10.166">
    <system-out><![CDATA[
@Login-Negative
Scenario: Verify Admin is able to land on home page with invalid URL &amp#27;[90m# src/test/resources/features/LoginPage.feature:10&amp#27;[0m
  &amp#27;[32mGiven &amp#27;[0m&amp#27;[32mAdmin launch the browser&amp#27;[0m                                     &amp#27;[90m# stepDefinitions.LoginSteps.admin_launch_the_browser()&amp#27;[0m
  &amp#27;[32mWhen &amp#27;[0m&amp#27;[32mAdmin gives the invalid LMS portal URL&amp#27;[0m                        &amp#27;[90m# stepDefinitions.LoginSteps.admin_gives_the_invalid_lms_portal_url()&amp#27;[0m
  &amp#27;[32mThen &amp#27;[0m&amp#27;[32mAdmin should recieve &amp#27;[0m&amp#27;[32m&amp#27;[1m404&amp#27;[0m&amp#27;[32m page not found error&amp#27;[0m                 &amp#27;[90m# stepDefinitions.LoginSteps.admin_should_recieve_page_not_found_error(java.lang.Integer)&amp#27;[0m
[INFO ]2024-10-2912:24:32.187[main]utilities.LoggerLoad1]-Quitting the browser 
]]></system-out>
    <system-err><![CDATA[Oct 29, 2024 12:24:30 PM org.openqa.selenium.devtools.CdpVersionFinder findNearestMatch
WARNING: Unable to find an exact match for CDP version 130, returning the closest version; found: 129; Please update to a Selenium version that supports CDP version 130
]]></system-err>
  </testcase>
  <testcase name="runScenario[&quot;Verify for broken link&quot;, &quot;Login  Page Verification&quot;](3)" classname="runner.TestRunner" time="47.48">
    <system-out><![CDATA[
@Login-Positive
Scenario: Verify for broken link                     &amp#27;[90m# src/test/resources/features/LoginPage.feature:16&amp#27;[0m
  &amp#27;[32mGiven &amp#27;[0m&amp#27;[32mAdmin launch the browser&amp#27;[0m                     &amp#27;[90m# stepDefinitions.LoginSteps.admin_launch_the_browser()&amp#27;[0m
  &amp#27;[32mWhen &amp#27;[0m&amp#27;[32mAdmin gives the correct LMS portal URL&amp#27;[0m        &amp#27;[90m# stepDefinitions.LoginSteps.admin_gives_the_correct_lms_portal_url()&amp#27;[0m
  &amp#27;[32mThen &amp#27;[0m&amp#27;[32mHTTP response >= &amp#27;[0m&amp#27;[32m&amp#27;[1m400&amp#27;[0m&amp#27;[32m. Then the link is broken&amp#27;[0m &amp#27;[90m# stepDefinitions.LoginSteps.http_response_then_the_link_is_broken(java.lang.Integer)&amp#27;[0m
[INFO ]2024-10-2912:25:19.612[main]utilities.LoggerLoad1]-Quitting the browser 
]]></system-out>
    <system-err><![CDATA[Oct 29, 2024 12:24:39 PM org.openqa.selenium.devtools.CdpVersionFinder findNearestMatch
WARNING: Unable to find an exact match for CDP version 130, returning the closest version; found: 129; Please update to a Selenium version that supports CDP version 130
]]></system-err>
  </testcase>
  <testcase name="runScenario[&quot;Verify the text spelling in the page&quot;, &quot;Login  Page Verification&quot;](4)" classname="runner.TestRunner" time="16.312">
    <system-out><![CDATA[
@Login-Positive
Scenario: Verify the text spelling in the page          &amp#27;[90m# src/test/resources/features/LoginPage.feature:22&amp#27;[0m
  &amp#27;[32mGiven &amp#27;[0m&amp#27;[32mAdmin launch the browser&amp#27;[0m                        &amp#27;[90m# stepDefinitions.LoginSteps.admin_launch_the_browser()&amp#27;[0m
  &amp#27;[32mWhen &amp#27;[0m&amp#27;[32mAdmin gives the correct LMS portal URL&amp#27;[0m           &amp#27;[90m# stepDefinitions.LoginSteps.admin_gives_the_correct_lms_portal_url()&amp#27;[0m
  &amp#27;[32mThen &amp#27;[0m&amp#27;[32mAdmin should see correct spellings in all fields&amp#27;[0m &amp#27;[90m# stepDefinitions.LoginSteps.admin_should_see_correct_spellings_in_all_fields()&amp#27;[0m
[INFO ]2024-10-2912:25:35.976[main]utilities.LoggerLoad1]-Quitting the browser 
]]></system-out>
    <system-err><![CDATA[Oct 29, 2024 12:25:27 PM org.openqa.selenium.devtools.CdpVersionFinder findNearestMatch
WARNING: Unable to find an exact match for CDP version 130, returning the closest version; found: 129; Please update to a Selenium version that supports CDP version 130
]]></system-err>
  </testcase>
  <testcase name="runScenario[&quot;Verify the company logo&quot;, &quot;Login  Page Verification&quot;](5)" classname="runner.TestRunner" time="16.427">
    <system-out><![CDATA[
@Login-Positive
Scenario: Verify the company logo              &amp#27;[90m# src/test/resources/features/LoginPage.feature:28&amp#27;[0m
  &amp#27;[32mGiven &amp#27;[0m&amp#27;[32mAdmin launch the browser&amp#27;[0m               &amp#27;[90m# stepDefinitions.LoginSteps.admin_launch_the_browser()&amp#27;[0m
  &amp#27;[32mWhen &amp#27;[0m&amp#27;[32mAdmin gives the correct LMS portal URL&amp#27;[0m  &amp#27;[90m# stepDefinitions.LoginSteps.admin_gives_the_correct_lms_portal_url()&amp#27;[0m
  &amp#27;[32mThen &amp#27;[0m&amp#27;[32mAdmin should see logo on the left  side&amp#27;[0m &amp#27;[90m# stepDefinitions.LoginSteps.admin_should_see_logo_on_the_left_side()&amp#27;[0m
[INFO ]2024-10-2912:25:52.387[main]utilities.LoggerLoad1]-Quitting the browser 
]]></system-out>
    <system-err><![CDATA[Oct 29, 2024 12:25:43 PM org.openqa.selenium.devtools.CdpVersionFinder findNearestMatch
WARNING: Unable to find an exact match for CDP version 130, returning the closest version; found: 129; Please update to a Selenium version that supports CDP version 130
]]></system-err>
  </testcase>
  <testcase name="runScenario[&quot;Verify application name&quot;, &quot;Login  Page Verification&quot;](6)" classname="runner.TestRunner" time="15.48">
    <system-out><![CDATA[
@Login-Positive
Scenario: Verify application name                         &amp#27;[90m# src/test/resources/features/LoginPage.feature:34&amp#27;[0m
  &amp#27;[32mGiven &amp#27;[0m&amp#27;[32mAdmin launch the browser&amp#27;[0m                          &amp#27;[90m# stepDefinitions.LoginSteps.admin_launch_the_browser()&amp#27;[0m
  &amp#27;[32mWhen &amp#27;[0m&amp#27;[32mAdmin gives the correct LMS portal URL&amp#27;[0m             &amp#27;[90m# stepDefinitions.LoginSteps.admin_gives_the_correct_lms_portal_url()&amp#27;[0m
  &amp#27;[32mThen &amp#27;[0m&amp#27;[32mAdmin should see  LMS - Learning Management System&amp#27;[0m &amp#27;[90m# stepDefinitions.LoginSteps.admin_should_see_lms_learning_management_system()&amp#27;[0m
[INFO ]2024-10-2912:26:07.892[main]utilities.LoggerLoad1]-Quitting the browser 
]]></system-out>
    <system-err><![CDATA[Oct 29, 2024 12:25:59 PM org.openqa.selenium.devtools.CdpVersionFinder findNearestMatch
WARNING: Unable to find an exact match for CDP version 130, returning the closest version; found: 129; Please update to a Selenium version that supports CDP version 130
]]></system-err>
  </testcase>
  <testcase name="runScenario[&quot;Verify company name&quot;, &quot;Login  Page Verification&quot;](7)" classname="runner.TestRunner" time="14.505">
    <system-out><![CDATA[
@Login-Positive
Scenario: Verify company name                           &amp#27;[90m# src/test/resources/features/LoginPage.feature:40&amp#27;[0m
  &amp#27;[32mGiven &amp#27;[0m&amp#27;[32mAdmin launch the browser&amp#27;[0m                        &amp#27;[90m# stepDefinitions.LoginSteps.admin_launch_the_browser()&amp#27;[0m
  &amp#27;[32mWhen &amp#27;[0m&amp#27;[32mAdmin gives the correct LMS portal URL&amp#27;[0m           &amp#27;[90m# stepDefinitions.LoginSteps.admin_gives_the_correct_lms_portal_url()&amp#27;[0m
  &amp#27;[32mThen &amp#27;[0m&amp#27;[32mAdmin should see company name below the app name&amp#27;[0m &amp#27;[90m# stepDefinitions.LoginSteps.admin_should_see_company_name_below_the_app_name()&amp#27;[0m
[INFO ]2024-10-2912:26:22.397[main]utilities.LoggerLoad1]-Quitting the browser 
]]></system-out>
    <system-err><![CDATA[Oct 29, 2024 12:26:14 PM org.openqa.selenium.devtools.CdpVersionFinder findNearestMatch
WARNING: Unable to find an exact match for CDP version 130, returning the closest version; found: 129; Please update to a Selenium version that supports CDP version 130
]]></system-err>
  </testcase>
  <testcase name="runScenario[&quot;Validate sign in content&quot;, &quot;Login  Page Verification&quot;](8)" classname="runner.TestRunner" time="14.544">
    <system-out><![CDATA[
@Login-Positive
Scenario: Validate sign in content                        &amp#27;[90m# src/test/resources/features/LoginPage.feature:46&amp#27;[0m
  &amp#27;[32mGiven &amp#27;[0m&amp#27;[32mAdmin launch the browser&amp#27;[0m                          &amp#27;[90m# stepDefinitions.LoginSteps.admin_launch_the_browser()&amp#27;[0m
  &amp#27;[32mWhen &amp#27;[0m&amp#27;[32mAdmin gives the correct LMS portal URL&amp#27;[0m             &amp#27;[90m# stepDefinitions.LoginSteps.admin_gives_the_correct_lms_portal_url()&amp#27;[0m
  &amp#27;[32mThen &amp#27;[0m&amp#27;[32mAdmin should see &amp#27;[0m&amp#27;[32m&amp#27;[1m"Please login to LMS application"&amp#27;[0m &amp#27;[90m# stepDefinitions.LoginSteps.admin_should_see(java.lang.String)&amp#27;[0m
[INFO ]2024-10-2912:26:36.905[main]utilities.LoggerLoad1]-Quitting the browser 
]]></system-out>
    <system-err><![CDATA[Oct 29, 2024 12:26:29 PM org.openqa.selenium.devtools.CdpVersionFinder findNearestMatch
WARNING: Unable to find an exact match for CDP version 130, returning the closest version; found: 129; Please update to a Selenium version that supports CDP version 130
]]></system-err>
  </testcase>
  <testcase name="runScenario[&quot;Verify text field is present&quot;, &quot;Login  Page Verification&quot;](9)" classname="runner.TestRunner" time="16.35">
    <system-out><![CDATA[
@Login-Positive
Scenario: Verify text field is present        &amp#27;[90m# src/test/resources/features/LoginPage.feature:52&amp#27;[0m
  &amp#27;[32mGiven &amp#27;[0m&amp#27;[32mAdmin launch the browser&amp#27;[0m              &amp#27;[90m# stepDefinitions.LoginSteps.admin_launch_the_browser()&amp#27;[0m
  &amp#27;[32mWhen &amp#27;[0m&amp#27;[32mAdmin gives the correct LMS portal URL&amp#27;[0m &amp#27;[90m# stepDefinitions.LoginSteps.admin_gives_the_correct_lms_portal_url()&amp#27;[0m
  &amp#27;[32mThen &amp#27;[0m&amp#27;[32mAdmin should see two text field&amp#27;[0m        &amp#27;[90m# stepDefinitions.LoginSteps.admin_should_see_two_text_field()&amp#27;[0m
[INFO ]2024-10-2912:26:53.232[main]utilities.LoggerLoad1]-Quitting the browser 
]]></system-out>
    <system-err><![CDATA[Oct 29, 2024 12:26:44 PM org.openqa.selenium.devtools.CdpVersionFinder findNearestMatch
WARNING: Unable to find an exact match for CDP version 130, returning the closest version; found: 129; Please update to a Selenium version that supports CDP version 130
]]></system-err>
  </testcase>
  <testcase name="runScenario[&quot;Verify text on the first text field&quot;, &quot;Login  Page Verification&quot;](10)" classname="runner.TestRunner" time="17.231">
    <system-out><![CDATA[
@Login-Positive
Scenario: Verify text on the first text field      &amp#27;[90m# src/test/resources/features/LoginPage.feature:58&amp#27;[0m
  &amp#27;[32mGiven &amp#27;[0m&amp#27;[32mAdmin launch the browser&amp#27;[0m                   &amp#27;[90m# stepDefinitions.LoginSteps.admin_launch_the_browser()&amp#27;[0m
  &amp#27;[32mWhen &amp#27;[0m&amp#27;[32mAdmin gives the correct LMS portal URL&amp#27;[0m      &amp#27;[90m# stepDefinitions.LoginSteps.admin_gives_the_correct_lms_portal_url()&amp#27;[0m
  &amp#27;[32mThen &amp#27;[0m&amp#27;[32mAdmin should &amp#27;[0m&amp#27;[32m&amp#27;[1m"User"&amp#27;[0m&amp#27;[32m in the first text field&amp#27;[0m &amp#27;[90m# stepDefinitions.LoginSteps.admin_should_in_the_first_text_field(java.lang.String)&amp#27;[0m
[INFO ]2024-10-2912:27:10.505[main]utilities.LoggerLoad1]-Quitting the browser 
]]></system-out>
    <system-err><![CDATA[Oct 29, 2024 12:27:00 PM org.openqa.selenium.devtools.CdpVersionFinder findNearestMatch
WARNING: Unable to find an exact match for CDP version 130, returning the closest version; found: 129; Please update to a Selenium version that supports CDP version 130
]]></system-err>
  </testcase>
  <testcase name="runScenario[&quot;Verify asterik next to Admin text&quot;, &quot;Login  Page Verification&quot;](11)" classname="runner.TestRunner" time="16.527">
    <system-out><![CDATA[
@Login-Positive
Scenario: Verify asterik next to Admin text                           &amp#27;[90m# src/test/resources/features/LoginPage.feature:64&amp#27;[0m
  &amp#27;[32mGiven &amp#27;[0m&amp#27;[32mAdmin launch the browser&amp#27;[0m                                      &amp#27;[90m# stepDefinitions.LoginSteps.admin_launch_the_browser()&amp#27;[0m
  &amp#27;[32mWhen &amp#27;[0m&amp#27;[32mAdmin gives the correct LMS portal URL&amp#27;[0m                         &amp#27;[90m# stepDefinitions.LoginSteps.admin_gives_the_correct_lms_portal_url()&amp#27;[0m
  &amp#27;[32mThen &amp#27;[0m&amp#27;[32mAdmin should see field mandatory (*) symbol next to Admin text&amp#27;[0m &amp#27;[90m# stepDefinitions.LoginSteps.admin_should_see_field_mandatory_symbol_next_to_admin_text()&amp#27;[0m
[INFO ]2024-10-2912:27:27.027[main]utilities.LoggerLoad1]-Quitting the browser 
]]></system-out>
    <system-err><![CDATA[Oct 29, 2024 12:27:18 PM org.openqa.selenium.devtools.CdpVersionFinder findNearestMatch
WARNING: Unable to find an exact match for CDP version 130, returning the closest version; found: 129; Please update to a Selenium version that supports CDP version 130
]]></system-err>
  </testcase>
  <testcase name="runScenario[&quot;Verify text on the second text field&quot;, &quot;Login  Page Verification&quot;](12)" classname="runner.TestRunner" time="17.381">
    <system-out><![CDATA[
@Login-Positive
Scenario: Verify text on the second text field          &amp#27;[90m# src/test/resources/features/LoginPage.feature:70&amp#27;[0m
  &amp#27;[32mGiven &amp#27;[0m&amp#27;[32mAdmin launch the browser&amp#27;[0m                        &amp#27;[90m# stepDefinitions.LoginSteps.admin_launch_the_browser()&amp#27;[0m
  &amp#27;[32mWhen &amp#27;[0m&amp#27;[32mAdmin gives the correct LMS portal URL&amp#27;[0m           &amp#27;[90m# stepDefinitions.LoginSteps.admin_gives_the_correct_lms_portal_url()&amp#27;[0m
  &amp#27;[32mThen &amp#27;[0m&amp#27;[32mAdmin should &amp#27;[0m&amp#27;[32m&amp#27;[1m"Password"&amp#27;[0m&amp#27;[32m in the second text field&amp#27;[0m &amp#27;[90m# stepDefinitions.LoginSteps.admin_should_in_the_second_text_field(java.lang.String)&amp#27;[0m
[INFO ]2024-10-2912:27:44.413[main]utilities.LoggerLoad1]-Quitting the browser 
]]></system-out>
    <system-err><![CDATA[Oct 29, 2024 12:27:35 PM org.openqa.selenium.devtools.CdpVersionFinder findNearestMatch
WARNING: Unable to find an exact match for CDP version 130, returning the closest version; found: 129; Please update to a Selenium version that supports CDP version 130
]]></system-err>
  </testcase>
  <testcase name="runScenario[&quot;Verify asterik next to password text&quot;, &quot;Login  Page Verification&quot;](13)" classname="runner.TestRunner" time="16.118">
    <system-out><![CDATA[
@Login-Positive
Scenario: Verify asterik next to password text         &amp#27;[90m# src/test/resources/features/LoginPage.feature:76&amp#27;[0m
  &amp#27;[32mGiven &amp#27;[0m&amp#27;[32mAdmin launch the browser&amp#27;[0m                       &amp#27;[90m# stepDefinitions.LoginSteps.admin_launch_the_browser()&amp#27;[0m
  &amp#27;[32mWhen &amp#27;[0m&amp#27;[32mAdmin gives the correct LMS portal URL&amp#27;[0m          &amp#27;[90m# stepDefinitions.LoginSteps.admin_gives_the_correct_lms_portal_url()&amp#27;[0m
  &amp#27;[32mThen &amp#27;[0m&amp#27;[32mAdmin should see * symbol next to password text&amp#27;[0m &amp#27;[90m# stepDefinitions.LoginSteps.admin_should_see_symbol_next_to_password_text()&amp#27;[0m
[INFO ]2024-10-2912:28:00.552[main]utilities.LoggerLoad1]-Quitting the browser 
]]></system-out>
    <system-err><![CDATA[Oct 29, 2024 12:27:51 PM org.openqa.selenium.devtools.CdpVersionFinder findNearestMatch
WARNING: Unable to find an exact match for CDP version 130, returning the closest version; found: 129; Please update to a Selenium version that supports CDP version 130
]]></system-err>
  </testcase>
  <testcase name="runScenario[&quot;Verify the alignment input field for the login&quot;, &quot;Login  Page Verification&quot;](14)" classname="runner.TestRunner" time="14.935">
    <system-out><![CDATA[
@Login-Positive
Scenario: Verify the alignment input field for the login      &amp#27;[90m# src/test/resources/features/LoginPage.feature:82&amp#27;[0m
  &amp#27;[32mGiven &amp#27;[0m&amp#27;[32mAdmin launch the browser&amp#27;[0m                              &amp#27;[90m# stepDefinitions.LoginSteps.admin_launch_the_browser()&amp#27;[0m
  &amp#27;[32mWhen &amp#27;[0m&amp#27;[32mAdmin gives the correct LMS portal URL&amp#27;[0m                 &amp#27;[90m# stepDefinitions.LoginSteps.admin_gives_the_correct_lms_portal_url()&amp#27;[0m
  &amp#27;[32mThen &amp#27;[0m&amp#27;[32mAdmin should see input field on the centre of the page&amp#27;[0m &amp#27;[90m# stepDefinitions.LoginSteps.admin_should_see_input_field_on_the_centre_of_the_page()&amp#27;[0m
[INFO ]2024-10-2912:28:15.478[main]utilities.LoggerLoad1]-Quitting the browser 
]]></system-out>
    <system-err><![CDATA[Oct 29, 2024 12:28:07 PM org.openqa.selenium.devtools.CdpVersionFinder findNearestMatch
WARNING: Unable to find an exact match for CDP version 130, returning the closest version; found: 129; Please update to a Selenium version that supports CDP version 130
]]></system-err>
  </testcase>
  <testcase name="runScenario[&quot;verify Login button is present&quot;, &quot;Login  Page Verification&quot;](15)" classname="runner.TestRunner" time="15.949">
    <system-out><![CDATA[
@Login-Positive
Scenario: verify Login button is present      &amp#27;[90m# src/test/resources/features/LoginPage.feature:88&amp#27;[0m
  &amp#27;[32mGiven &amp#27;[0m&amp#27;[32mAdmin launch the browser&amp#27;[0m              &amp#27;[90m# stepDefinitions.LoginSteps.admin_launch_the_browser()&amp#27;[0m
  &amp#27;[32mWhen &amp#27;[0m&amp#27;[32mAdmin gives the correct LMS portal URL&amp#27;[0m &amp#27;[90m# stepDefinitions.LoginSteps.admin_gives_the_correct_lms_portal_url()&amp#27;[0m
  &amp#27;[32mThen &amp#27;[0m&amp#27;[32mAdmin should see login button&amp#27;[0m          &amp#27;[90m# stepDefinitions.LoginSteps.admin_should_see_login_button()&amp#27;[0m
[INFO ]2024-10-2912:28:31.426[main]utilities.LoggerLoad1]-Quitting the browser 
]]></system-out>
    <system-err><![CDATA[Oct 29, 2024 12:28:22 PM org.openqa.selenium.devtools.CdpVersionFinder findNearestMatch
WARNING: Unable to find an exact match for CDP version 130, returning the closest version; found: 129; Please update to a Selenium version that supports CDP version 130
]]></system-err>
  </testcase>
  <testcase name="runScenario[&quot;Verify the alignment of the login button&quot;, &quot;Login  Page Verification&quot;](16)" classname="runner.TestRunner" time="17.254">
    <system-out><![CDATA[
@Login-Positive
Scenario: Verify the alignment of the login button             &amp#27;[90m# src/test/resources/features/LoginPage.feature:94&amp#27;[0m
  &amp#27;[32mGiven &amp#27;[0m&amp#27;[32mAdmin launch the browser&amp#27;[0m                               &amp#27;[90m# stepDefinitions.LoginSteps.admin_launch_the_browser()&amp#27;[0m
  &amp#27;[32mWhen &amp#27;[0m&amp#27;[32mAdmin gives the correct LMS portal URL&amp#27;[0m                  &amp#27;[90m# stepDefinitions.LoginSteps.admin_gives_the_correct_lms_portal_url()&amp#27;[0m
  &amp#27;[32mThen &amp#27;[0m&amp#27;[32mAdmin should see login button on the centre of the page&amp#27;[0m &amp#27;[90m# stepDefinitions.LoginSteps.admin_should_see_login_button_on_the_centre_of_the_page()&amp#27;[0m
[INFO ]2024-10-2912:28:48.685[main]utilities.LoggerLoad1]-Quitting the browser 
]]></system-out>
    <system-err><![CDATA[Oct 29, 2024 12:28:39 PM org.openqa.selenium.devtools.CdpVersionFinder findNearestMatch
WARNING: Unable to find an exact match for CDP version 130, returning the closest version; found: 129; Please update to a Selenium version that supports CDP version 130
]]></system-err>
  </testcase>
  <testcase name="runScenario[&quot;Verify input descriptive test in Admin field&quot;, &quot;Login  Page Verification&quot;](17)" classname="runner.TestRunner" time="18.072">
    <system-out><![CDATA[
@Login-Positive
Scenario: Verify input descriptive test in Admin field &amp#27;[90m# src/test/resources/features/LoginPage.feature:100&amp#27;[0m
  &amp#27;[32mGiven &amp#27;[0m&amp#27;[32mAdmin launch the browser&amp#27;[0m                       &amp#27;[90m# stepDefinitions.LoginSteps.admin_launch_the_browser()&amp#27;[0m
  &amp#27;[32mWhen &amp#27;[0m&amp#27;[32mAdmin gives the correct LMS portal URL&amp#27;[0m          &amp#27;[90m# stepDefinitions.LoginSteps.admin_gives_the_correct_lms_portal_url()&amp#27;[0m
  &amp#27;[32mThen &amp#27;[0m&amp#27;[32mAdmin should see Admin in gray color&amp#27;[0m            &amp#27;[90m# stepDefinitions.LoginSteps.admin_should_see_admin_in_gray_color()&amp#27;[0m
[INFO ]2024-10-2912:29:06.749[main]utilities.LoggerLoad1]-Quitting the browser 
]]></system-out>
    <system-err><![CDATA[Oct 29, 2024 12:28:57 PM org.openqa.selenium.devtools.CdpVersionFinder findNearestMatch
WARNING: Unable to find an exact match for CDP version 130, returning the closest version; found: 129; Please update to a Selenium version that supports CDP version 130
]]></system-err>
  </testcase>
  <testcase name="runScenario[&quot;Verify input descriptive test in password field&quot;, &quot;Login  Page Verification&quot;](18)" classname="runner.TestRunner" time="16.668">
    <system-out><![CDATA[
@Login-Positive
Scenario: Verify input descriptive test in password field &amp#27;[90m# src/test/resources/features/LoginPage.feature:106&amp#27;[0m
  &amp#27;[32mGiven &amp#27;[0m&amp#27;[32mAdmin launch the browser&amp#27;[0m                          &amp#27;[90m# stepDefinitions.LoginSteps.admin_launch_the_browser()&amp#27;[0m
  &amp#27;[32mWhen &amp#27;[0m&amp#27;[32mAdmin gives the correct LMS portal URL&amp#27;[0m             &amp#27;[90m# stepDefinitions.LoginSteps.admin_gives_the_correct_lms_portal_url()&amp#27;[0m
  &amp#27;[32mThen &amp#27;[0m&amp#27;[32mAdmin should see password in gray color&amp#27;[0m            &amp#27;[90m# stepDefinitions.LoginSteps.admin_should_see_password_in_gray_color()&amp#27;[0m
[INFO ]2024-10-2912:29:23.429[main]utilities.LoggerLoad1]-Quitting the browser 
]]></system-out>
    <system-err><![CDATA[Oct 29, 2024 12:29:14 PM org.openqa.selenium.devtools.CdpVersionFinder findNearestMatch
WARNING: Unable to find an exact match for CDP version 130, returning the closest version; found: 129; Please update to a Selenium version that supports CDP version 130
]]></system-err>
  </testcase>
  <testcase name="runScenario[&quot;Validate login with valid credentials&quot;, &quot;Login  Page Verification&quot;](19)" classname="runner.TestRunner" time="23.499">
    <system-out><![CDATA[
Scenario: Validate login with valid credentials               &amp#27;[90m# src/test/resources/features/LoginPage.feature:111&amp#27;[0m
  &amp#27;[32mGiven &amp#27;[0m&amp#27;[32mAdmin is in login Page&amp#27;[0m                                &amp#27;[90m# stepDefinitions.LoginSteps.admin_is_in_login_page()&amp#27;[0m
  &amp#27;[32mWhen &amp#27;[0m&amp#27;[32mAdmin enter valid credentials  and clicks login button&amp#27;[0m &amp#27;[90m# stepDefinitions.LoginSteps.admin_enter_valid_credentials_and_clicks_login_button()&amp#27;[0m
[INFO ]2024-10-2912:29:46.932[main]utilities.LoggerLoad1]-Admin logged in successfully
  &amp#27;[32mThen &amp#27;[0m&amp#27;[32mAdmin should land on dashboard page&amp#27;[0m                    &amp#27;[90m# stepDefinitions.LoginSteps.admin_should_land_on_dashboard_page()&amp#27;[0m
[INFO ]2024-10-2912:29:46.933[main]utilities.LoggerLoad1]-Quitting the browser 
]]></system-out>
    <system-err><![CDATA[Oct 29, 2024 12:29:32 PM org.openqa.selenium.devtools.CdpVersionFinder findNearestMatch
WARNING: Unable to find an exact match for CDP version 130, returning the closest version; found: 129; Please update to a Selenium version that supports CDP version 130
]]></system-err>
  </testcase>
  <testcase name="runScenario[&quot;Validate login with invalid credentials&quot;, &quot;Login  Page Verification&quot;](20)" classname="runner.TestRunner" time="20.931">
    <system-out><![CDATA[
Scenario: Validate login with invalid credentials               &amp#27;[90m# src/test/resources/features/LoginPage.feature:116&amp#27;[0m
  &amp#27;[32mGiven &amp#27;[0m&amp#27;[32mAdmin is in login Page&amp#27;[0m                                  &amp#27;[90m# stepDefinitions.LoginSteps.admin_is_in_login_page()&amp#27;[0m
  &amp#27;[32mWhen &amp#27;[0m&amp#27;[32mAdmin enter invalid credentials  and clicks login button&amp#27;[0m &amp#27;[90m# stepDefinitions.LoginSteps.admin_enter_invalid_credentials_and_clicks_login_button()&amp#27;[0m
  &amp#27;[32mThen &amp#27;[0m&amp#27;[32mError message invalid username and password&amp#27;[0m              &amp#27;[90m# stepDefinitions.LoginSteps.error_message_invalid_username_and_password()&amp#27;[0m
[INFO ]2024-10-2912:30:07.852[main]utilities.LoggerLoad1]-Quitting the browser 
]]></system-out>
    <system-err><![CDATA[Oct 29, 2024 12:29:54 PM org.openqa.selenium.devtools.CdpVersionFinder findNearestMatch
WARNING: Unable to find an exact match for CDP version 130, returning the closest version; found: 129; Please update to a Selenium version that supports CDP version 130
]]></system-err>
  </testcase>
  <testcase name="runScenario[&quot;Validate login credentials with null Adminname&quot;, &quot;Login  Page Verification&quot;](21)" classname="runner.TestRunner" time="18.713">
    <system-out><![CDATA[
Scenario: Validate login credentials with null Adminname          &amp#27;[90m# src/test/resources/features/LoginPage.feature:122&amp#27;[0m
  &amp#27;[32mGiven &amp#27;[0m&amp#27;[32mAdmin is in login Page&amp#27;[0m                                    &amp#27;[90m# stepDefinitions.LoginSteps.admin_is_in_login_page()&amp#27;[0m
  &amp#27;[32mWhen &amp#27;[0m&amp#27;[32mAdmin enter value only in password and clicks login button&amp#27;[0m &amp#27;[90m# stepDefinitions.LoginSteps.admin_enter_value_only_in_password_and_clicks_login_button()&amp#27;[0m
  &amp#27;[32mThen &amp#27;[0m&amp#27;[32mverify the error message Please enter your user name&amp#27;[0m       &amp#27;[90m# stepDefinitions.LoginSteps.verify_the_error_message_please_enter_your_user_name()&amp#27;[0m
[INFO ]2024-10-2912:30:26.571[main]utilities.LoggerLoad1]-Quitting the browser 
]]></system-out>
    <system-err><![CDATA[Oct 29, 2024 12:30:15 PM org.openqa.selenium.devtools.CdpVersionFinder findNearestMatch
WARNING: Unable to find an exact match for CDP version 130, returning the closest version; found: 129; Please update to a Selenium version that supports CDP version 130
]]></system-err>
  </testcase>
  <testcase name="runScenario[&quot;Validate login credentials with null password&quot;, &quot;Login  Page Verification&quot;](22)" classname="runner.TestRunner" time="20.736">
    <system-out><![CDATA[
Scenario: Validate login credentials with null password            &amp#27;[90m# src/test/resources/features/LoginPage.feature:128&amp#27;[0m
  &amp#27;[32mGiven &amp#27;[0m&amp#27;[32mAdmin is in login Page&amp#27;[0m                                     &amp#27;[90m# stepDefinitions.LoginSteps.admin_is_in_login_page()&amp#27;[0m
  &amp#27;[32mWhen &amp#27;[0m&amp#27;[32mAdmin enter value only in Adminname and clicks login button&amp#27;[0m &amp#27;[90m# stepDefinitions.LoginSteps.admin_enter_value_only_in_adminname_and_clicks_login_button()&amp#27;[0m
  &amp#27;[32mThen &amp#27;[0m&amp#27;[32mverify Error message Please enter your password&amp#27;[0m             &amp#27;[90m# stepDefinitions.LoginSteps.verify_error_message_please_enter_your_password()&amp#27;[0m
[INFO ]2024-10-2912:30:47.298[main]utilities.LoggerLoad1]-Quitting the browser 
]]></system-out>
    <system-err><![CDATA[Oct 29, 2024 12:30:34 PM org.openqa.selenium.devtools.CdpVersionFinder findNearestMatch
WARNING: Unable to find an exact match for CDP version 130, returning the closest version; found: 129; Please update to a Selenium version that supports CDP version 130
]]></system-err>
  </testcase>
  <testcase name="runScenario[&quot;Verify after login Admin lands on dashboard page&quot;, &quot;Validating Dashboard Page&quot;](23)" classname="runner.TestRunner" time="15.947">
    <failure message="The step &apos;Admin enter valid credentials and clicks login button&apos; is undefined.&#10;You can implement this step using the snippet(s) below:&#10;&#10;@When(&quot;Admin enter valid credentials and clicks login button&quot;)&#10;public void admin_enter_valid_credentials_and_clicks_login_button() {&#10;    // Write code here that turns the phrase above into concrete actions&#10;    throw new io.cucumber.java.PendingException();&#10;}&#10;" type="io.cucumber.testng.UndefinedStepException"><![CDATA[io.cucumber.testng.UndefinedStepException: 
The step 'Admin enter valid credentials and clicks login button' is undefined.
You can implement this step using the snippet(s) below:

@When("Admin enter valid credentials and clicks login button")
public void admin_enter_valid_credentials_and_clicks_login_button() {
    // Write code here that turns the phrase above into concrete actions
    throw new io.cucumber.java.PendingException();
}

	at io.cucumber.core.runtime.TestCaseResultObserver.assertTestCasePassed(TestCaseResultObserver.java:69)
	at io.cucumber.testng.TestCaseResultObserver.assertTestCasePassed(TestCaseResultObserver.java:23)
	at io.cucumber.testng.TestNGCucumberRunner.lambda$runScenario$1(TestNGCucumberRunner.java:136)
	at io.cucumber.core.runtime.CucumberExecutionContext.lambda$runTestCase$5(CucumberExecutionContext.java:136)
	at io.cucumber.core.runtime.RethrowingThrowableCollector.executeAndThrow(RethrowingThrowableCollector.java:23)
	at io.cucumber.core.runtime.CucumberExecutionContext.runTestCase(CucumberExecutionContext.java:136)
	at io.cucumber.testng.TestNGCucumberRunner.runScenario(TestNGCucumberRunner.java:132)
	at io.cucumber.testng.AbstractTestNGCucumberTests.runScenario(AbstractTestNGCucumberTests.java:35)
	at java.base/jdk.internal.reflect.DirectMethodHandleAccessor.invoke(DirectMethodHandleAccessor.java:103)
	at java.base/java.lang.reflect.Method.invoke(Method.java:580)
	at org.testng.internal.invokers.MethodInvocationHelper.invokeMethod(MethodInvocationHelper.java:139)
	at org.testng.internal.invokers.TestInvoker.invokeMethod(TestInvoker.java:677)
	at org.testng.internal.invokers.TestInvoker.invokeTestMethod(TestInvoker.java:221)
	at org.testng.internal.invokers.MethodRunner.runInSequence(MethodRunner.java:50)
	at org.testng.internal.invokers.TestInvoker$MethodInvocationAgent.invoke(TestInvoker.java:969)
	at org.testng.internal.invokers.TestInvoker.invokeTestMethods(TestInvoker.java:194)
	at org.testng.internal.invokers.TestMethodWorker.invokeTestMethods(TestMethodWorker.java:148)
	at org.testng.internal.invokers.TestMethodWorker.run(TestMethodWorker.java:128)
	at java.base/java.util.ArrayList.forEach(ArrayList.java:1596)
	at org.testng.TestRunner.privateRun(TestRunner.java:829)
	at org.testng.TestRunner.run(TestRunner.java:602)
	at org.testng.SuiteRunner.runTest(SuiteRunner.java:437)
	at org.testng.SuiteRunner.runSequentially(SuiteRunner.java:431)
	at org.testng.SuiteRunner.privateRun(SuiteRunner.java:391)
	at org.testng.SuiteRunner.run(SuiteRunner.java:330)
	at org.testng.SuiteRunnerWorker.runSuite(SuiteRunnerWorker.java:52)
	at org.testng.SuiteRunnerWorker.run(SuiteRunnerWorker.java:95)
	at org.testng.TestNG.runSuitesSequentially(TestNG.java:1256)
	at org.testng.TestNG.runSuitesLocally(TestNG.java:1176)
	at org.testng.TestNG.runSuites(TestNG.java:1099)
	at org.testng.TestNG.run(TestNG.java:1067)
	at org.apache.maven.surefire.testng.TestNGExecutor.run(TestNGExecutor.java:155)
	at org.apache.maven.surefire.testng.TestNGDirectoryTestSuite.executeSingleClass(TestNGDirectoryTestSuite.java:102)
	at org.apache.maven.surefire.testng.TestNGDirectoryTestSuite.execute(TestNGDirectoryTestSuite.java:91)
	at org.apache.maven.surefire.testng.TestNGProvider.invoke(TestNGProvider.java:137)
	at org.apache.maven.surefire.booter.ForkedBooter.runSuitesInProcess(ForkedBooter.java:385)
	at org.apache.maven.surefire.booter.ForkedBooter.execute(ForkedBooter.java:162)
	at org.apache.maven.surefire.booter.ForkedBooter.run(ForkedBooter.java:507)
	at org.apache.maven.surefire.booter.ForkedBooter.main(ForkedBooter.java:495)
]]></failure>
    <system-out><![CDATA[
Scenario: Verify after login Admin lands on dashboard page   &amp#27;[90m# src/test/resources/features/TC02_Dashboard.feature:6&amp#27;[0m
  &amp#27;[32mGiven &amp#27;[0m&amp#27;[32mAdmin is in login page&amp#27;[0m                               &amp#27;[90m# stepDefinitions.DashboardSteps.admin_is_in_login_page()&amp#27;[0m
  &amp#27;[33mWhen &amp#27;[0m&amp#27;[33mAdmin enter valid credentials and clicks login button&amp#27;[0m
  &amp#27;[36mThen &amp#27;[0m&amp#27;[36mAdmin should see dashboard&amp#27;[0m                            &amp#27;[90m# stepDefinitions.DashboardSteps.admin_should_see_dashboard()&amp#27;[0m
[INFO ]2024-10-2912:31:03.211[main]utilities.LoggerLoad1]-Quitting the browser 
]]></system-out>
    <system-err><![CDATA[Oct 29, 2024 12:30:55 PM org.openqa.selenium.devtools.CdpVersionFinder findNearestMatch
WARNING: Unable to find an exact match for CDP version 130, returning the closest version; found: 129; Please update to a Selenium version that supports CDP version 130
]]></system-err>
  </testcase>
  <testcase name="runScenario[&quot;Verify the response time&quot;, &quot;Validating Dashboard Page&quot;](24)" classname="runner.TestRunner" time="15.173">
    <failure message="The step &apos;Admin enter valid credentials and clicks login button&apos; is undefined.&#10;You can implement this step using the snippet(s) below:&#10;&#10;@When(&quot;Admin enter valid credentials and clicks login button&quot;)&#10;public void admin_enter_valid_credentials_and_clicks_login_button() {&#10;    // Write code here that turns the phrase above into concrete actions&#10;    throw new io.cucumber.java.PendingException();&#10;}&#10;" type="io.cucumber.testng.UndefinedStepException"><![CDATA[io.cucumber.testng.UndefinedStepException: 
The step 'Admin enter valid credentials and clicks login button' is undefined.
You can implement this step using the snippet(s) below:

@When("Admin enter valid credentials and clicks login button")
public void admin_enter_valid_credentials_and_clicks_login_button() {
    // Write code here that turns the phrase above into concrete actions
    throw new io.cucumber.java.PendingException();
}

	at io.cucumber.core.runtime.TestCaseResultObserver.assertTestCasePassed(TestCaseResultObserver.java:69)
	at io.cucumber.testng.TestCaseResultObserver.assertTestCasePassed(TestCaseResultObserver.java:23)
	at io.cucumber.testng.TestNGCucumberRunner.lambda$runScenario$1(TestNGCucumberRunner.java:136)
	at io.cucumber.core.runtime.CucumberExecutionContext.lambda$runTestCase$5(CucumberExecutionContext.java:136)
	at io.cucumber.core.runtime.RethrowingThrowableCollector.executeAndThrow(RethrowingThrowableCollector.java:23)
	at io.cucumber.core.runtime.CucumberExecutionContext.runTestCase(CucumberExecutionContext.java:136)
	at io.cucumber.testng.TestNGCucumberRunner.runScenario(TestNGCucumberRunner.java:132)
	at io.cucumber.testng.AbstractTestNGCucumberTests.runScenario(AbstractTestNGCucumberTests.java:35)
	at java.base/jdk.internal.reflect.DirectMethodHandleAccessor.invoke(DirectMethodHandleAccessor.java:103)
	at java.base/java.lang.reflect.Method.invoke(Method.java:580)
	at org.testng.internal.invokers.MethodInvocationHelper.invokeMethod(MethodInvocationHelper.java:139)
	at org.testng.internal.invokers.TestInvoker.invokeMethod(TestInvoker.java:677)
	at org.testng.internal.invokers.TestInvoker.invokeTestMethod(TestInvoker.java:221)
	at org.testng.internal.invokers.MethodRunner.runInSequence(MethodRunner.java:50)
	at org.testng.internal.invokers.TestInvoker$MethodInvocationAgent.invoke(TestInvoker.java:969)
	at org.testng.internal.invokers.TestInvoker.invokeTestMethods(TestInvoker.java:194)
	at org.testng.internal.invokers.TestMethodWorker.invokeTestMethods(TestMethodWorker.java:148)
	at org.testng.internal.invokers.TestMethodWorker.run(TestMethodWorker.java:128)
	at java.base/java.util.ArrayList.forEach(ArrayList.java:1596)
	at org.testng.TestRunner.privateRun(TestRunner.java:829)
	at org.testng.TestRunner.run(TestRunner.java:602)
	at org.testng.SuiteRunner.runTest(SuiteRunner.java:437)
	at org.testng.SuiteRunner.runSequentially(SuiteRunner.java:431)
	at org.testng.SuiteRunner.privateRun(SuiteRunner.java:391)
	at org.testng.SuiteRunner.run(SuiteRunner.java:330)
	at org.testng.SuiteRunnerWorker.runSuite(SuiteRunnerWorker.java:52)
	at org.testng.SuiteRunnerWorker.run(SuiteRunnerWorker.java:95)
	at org.testng.TestNG.runSuitesSequentially(TestNG.java:1256)
	at org.testng.TestNG.runSuitesLocally(TestNG.java:1176)
	at org.testng.TestNG.runSuites(TestNG.java:1099)
	at org.testng.TestNG.run(TestNG.java:1067)
	at org.apache.maven.surefire.testng.TestNGExecutor.run(TestNGExecutor.java:155)
	at org.apache.maven.surefire.testng.TestNGDirectoryTestSuite.executeSingleClass(TestNGDirectoryTestSuite.java:102)
	at org.apache.maven.surefire.testng.TestNGDirectoryTestSuite.execute(TestNGDirectoryTestSuite.java:91)
	at org.apache.maven.surefire.testng.TestNGProvider.invoke(TestNGProvider.java:137)
	at org.apache.maven.surefire.booter.ForkedBooter.runSuitesInProcess(ForkedBooter.java:385)
	at org.apache.maven.surefire.booter.ForkedBooter.execute(ForkedBooter.java:162)
	at org.apache.maven.surefire.booter.ForkedBooter.run(ForkedBooter.java:507)
	at org.apache.maven.surefire.booter.ForkedBooter.main(ForkedBooter.java:495)
]]></failure>
    <system-out><![CDATA[
Scenario: Verify the response time                                     &amp#27;[90m# src/test/resources/features/TC02_Dashboard.feature:10&amp#27;[0m
  &amp#27;[32mGiven &amp#27;[0m&amp#27;[32mAdmin is in login page&amp#27;[0m                                         &amp#27;[90m# stepDefinitions.DashboardSteps.admin_is_in_login_page()&amp#27;[0m
  &amp#27;[33mWhen &amp#27;[0m&amp#27;[33mAdmin enter valid credentials and clicks login button&amp#27;[0m
  &amp#27;[36mThen &amp#27;[0m&amp#27;[36mMaximum navigation time in milliseconds, defaults to &amp#27;[0m&amp#27;[36m&amp#27;[1m30&amp#27;[0m&amp#27;[36m seconds&amp#27;[0m &amp#27;[90m# stepDefinitions.DashboardSteps.maximum_navigation_time_in_milliseconds_defaults_to_seconds(java.lang.Integer)&amp#27;[0m
[INFO ]2024-10-2912:31:18.419[main]utilities.LoggerLoad1]-Quitting the browser 
]]></system-out>
    <system-err><![CDATA[Oct 29, 2024 12:31:10 PM org.openqa.selenium.devtools.CdpVersionFinder findNearestMatch
WARNING: Unable to find an exact match for CDP version 130, returning the closest version; found: 129; Please update to a Selenium version that supports CDP version 130
]]></system-err>
  </testcase>
  <testcase name="runScenario[&quot;Verify LMS title&quot;, &quot;Validating Dashboard Page&quot;](25)" classname="runner.TestRunner" time="14.32">
    <failure message="The step &apos;Admin enter valid credentials and clicks login button&apos; is undefined.&#10;You can implement this step using the snippet(s) below:&#10;&#10;@When(&quot;Admin enter valid credentials and clicks login button&quot;)&#10;public void admin_enter_valid_credentials_and_clicks_login_button() {&#10;    // Write code here that turns the phrase above into concrete actions&#10;    throw new io.cucumber.java.PendingException();&#10;}&#10;" type="io.cucumber.testng.UndefinedStepException"><![CDATA[io.cucumber.testng.UndefinedStepException: 
The step 'Admin enter valid credentials and clicks login button' is undefined.
You can implement this step using the snippet(s) below:

@When("Admin enter valid credentials and clicks login button")
public void admin_enter_valid_credentials_and_clicks_login_button() {
    // Write code here that turns the phrase above into concrete actions
    throw new io.cucumber.java.PendingException();
}

	at io.cucumber.core.runtime.TestCaseResultObserver.assertTestCasePassed(TestCaseResultObserver.java:69)
	at io.cucumber.testng.TestCaseResultObserver.assertTestCasePassed(TestCaseResultObserver.java:23)
	at io.cucumber.testng.TestNGCucumberRunner.lambda$runScenario$1(TestNGCucumberRunner.java:136)
	at io.cucumber.core.runtime.CucumberExecutionContext.lambda$runTestCase$5(CucumberExecutionContext.java:136)
	at io.cucumber.core.runtime.RethrowingThrowableCollector.executeAndThrow(RethrowingThrowableCollector.java:23)
	at io.cucumber.core.runtime.CucumberExecutionContext.runTestCase(CucumberExecutionContext.java:136)
	at io.cucumber.testng.TestNGCucumberRunner.runScenario(TestNGCucumberRunner.java:132)
	at io.cucumber.testng.AbstractTestNGCucumberTests.runScenario(AbstractTestNGCucumberTests.java:35)
	at java.base/jdk.internal.reflect.DirectMethodHandleAccessor.invoke(DirectMethodHandleAccessor.java:103)
	at java.base/java.lang.reflect.Method.invoke(Method.java:580)
	at org.testng.internal.invokers.MethodInvocationHelper.invokeMethod(MethodInvocationHelper.java:139)
	at org.testng.internal.invokers.TestInvoker.invokeMethod(TestInvoker.java:677)
	at org.testng.internal.invokers.TestInvoker.invokeTestMethod(TestInvoker.java:221)
	at org.testng.internal.invokers.MethodRunner.runInSequence(MethodRunner.java:50)
	at org.testng.internal.invokers.TestInvoker$MethodInvocationAgent.invoke(TestInvoker.java:969)
	at org.testng.internal.invokers.TestInvoker.invokeTestMethods(TestInvoker.java:194)
	at org.testng.internal.invokers.TestMethodWorker.invokeTestMethods(TestMethodWorker.java:148)
	at org.testng.internal.invokers.TestMethodWorker.run(TestMethodWorker.java:128)
	at java.base/java.util.ArrayList.forEach(ArrayList.java:1596)
	at org.testng.TestRunner.privateRun(TestRunner.java:829)
	at org.testng.TestRunner.run(TestRunner.java:602)
	at org.testng.SuiteRunner.runTest(SuiteRunner.java:437)
	at org.testng.SuiteRunner.runSequentially(SuiteRunner.java:431)
	at org.testng.SuiteRunner.privateRun(SuiteRunner.java:391)
	at org.testng.SuiteRunner.run(SuiteRunner.java:330)
	at org.testng.SuiteRunnerWorker.runSuite(SuiteRunnerWorker.java:52)
	at org.testng.SuiteRunnerWorker.run(SuiteRunnerWorker.java:95)
	at org.testng.TestNG.runSuitesSequentially(TestNG.java:1256)
	at org.testng.TestNG.runSuitesLocally(TestNG.java:1176)
	at org.testng.TestNG.runSuites(TestNG.java:1099)
	at org.testng.TestNG.run(TestNG.java:1067)
	at org.apache.maven.surefire.testng.TestNGExecutor.run(TestNGExecutor.java:155)
	at org.apache.maven.surefire.testng.TestNGDirectoryTestSuite.executeSingleClass(TestNGDirectoryTestSuite.java:102)
	at org.apache.maven.surefire.testng.TestNGDirectoryTestSuite.execute(TestNGDirectoryTestSuite.java:91)
	at org.apache.maven.surefire.testng.TestNGProvider.invoke(TestNGProvider.java:137)
	at org.apache.maven.surefire.booter.ForkedBooter.runSuitesInProcess(ForkedBooter.java:385)
	at org.apache.maven.surefire.booter.ForkedBooter.execute(ForkedBooter.java:162)
	at org.apache.maven.surefire.booter.ForkedBooter.run(ForkedBooter.java:507)
	at org.apache.maven.surefire.booter.ForkedBooter.main(ForkedBooter.java:495)
]]></failure>
    <system-out><![CDATA[
Scenario: Verify LMS title                                       &amp#27;[90m# src/test/resources/features/TC02_Dashboard.feature:14&amp#27;[0m
  &amp#27;[32mGiven &amp#27;[0m&amp#27;[32mAdmin is in login page&amp#27;[0m                                   &amp#27;[90m# stepDefinitions.DashboardSteps.admin_is_in_login_page()&amp#27;[0m
  &amp#27;[33mWhen &amp#27;[0m&amp#27;[33mAdmin enter valid credentials and clicks login button&amp#27;[0m
  &amp#27;[36mThen &amp#27;[0m&amp#27;[36mAdmin should see LMS -Learning management system as title&amp#27;[0m &amp#27;[90m# stepDefinitions.DashboardSteps.admin_should_see_lms_learning_management_system_as_title()&amp#27;[0m
[INFO ]2024-10-2912:31:32.751[main]utilities.LoggerLoad1]-Quitting the browser 
]]></system-out>
    <system-err><![CDATA[Oct 29, 2024 12:31:25 PM org.openqa.selenium.devtools.CdpVersionFinder findNearestMatch
WARNING: Unable to find an exact match for CDP version 130, returning the closest version; found: 129; Please update to a Selenium version that supports CDP version 130
]]></system-err>
  </testcase>
  <testcase name="runScenario[&quot;Validate navigation bar text&quot;, &quot;Validating Dashboard Page&quot;](26)" classname="runner.TestRunner" time="14.553">
    <failure message="The step &apos;Admin enter valid credentials and clicks login button&apos; is undefined.&#10;You can implement this step using the snippet(s) below:&#10;&#10;@When(&quot;Admin enter valid credentials and clicks login button&quot;)&#10;public void admin_enter_valid_credentials_and_clicks_login_button() {&#10;    // Write code here that turns the phrase above into concrete actions&#10;    throw new io.cucumber.java.PendingException();&#10;}&#10;" type="io.cucumber.testng.UndefinedStepException"><![CDATA[io.cucumber.testng.UndefinedStepException: 
The step 'Admin enter valid credentials and clicks login button' is undefined.
You can implement this step using the snippet(s) below:

@When("Admin enter valid credentials and clicks login button")
public void admin_enter_valid_credentials_and_clicks_login_button() {
    // Write code here that turns the phrase above into concrete actions
    throw new io.cucumber.java.PendingException();
}

	at io.cucumber.core.runtime.TestCaseResultObserver.assertTestCasePassed(TestCaseResultObserver.java:69)
	at io.cucumber.testng.TestCaseResultObserver.assertTestCasePassed(TestCaseResultObserver.java:23)
	at io.cucumber.testng.TestNGCucumberRunner.lambda$runScenario$1(TestNGCucumberRunner.java:136)
	at io.cucumber.core.runtime.CucumberExecutionContext.lambda$runTestCase$5(CucumberExecutionContext.java:136)
	at io.cucumber.core.runtime.RethrowingThrowableCollector.executeAndThrow(RethrowingThrowableCollector.java:23)
	at io.cucumber.core.runtime.CucumberExecutionContext.runTestCase(CucumberExecutionContext.java:136)
	at io.cucumber.testng.TestNGCucumberRunner.runScenario(TestNGCucumberRunner.java:132)
	at io.cucumber.testng.AbstractTestNGCucumberTests.runScenario(AbstractTestNGCucumberTests.java:35)
	at java.base/jdk.internal.reflect.DirectMethodHandleAccessor.invoke(DirectMethodHandleAccessor.java:103)
	at java.base/java.lang.reflect.Method.invoke(Method.java:580)
	at org.testng.internal.invokers.MethodInvocationHelper.invokeMethod(MethodInvocationHelper.java:139)
	at org.testng.internal.invokers.TestInvoker.invokeMethod(TestInvoker.java:677)
	at org.testng.internal.invokers.TestInvoker.invokeTestMethod(TestInvoker.java:221)
	at org.testng.internal.invokers.MethodRunner.runInSequence(MethodRunner.java:50)
	at org.testng.internal.invokers.TestInvoker$MethodInvocationAgent.invoke(TestInvoker.java:969)
	at org.testng.internal.invokers.TestInvoker.invokeTestMethods(TestInvoker.java:194)
	at org.testng.internal.invokers.TestMethodWorker.invokeTestMethods(TestMethodWorker.java:148)
	at org.testng.internal.invokers.TestMethodWorker.run(TestMethodWorker.java:128)
	at java.base/java.util.ArrayList.forEach(ArrayList.java:1596)
	at org.testng.TestRunner.privateRun(TestRunner.java:829)
	at org.testng.TestRunner.run(TestRunner.java:602)
	at org.testng.SuiteRunner.runTest(SuiteRunner.java:437)
	at org.testng.SuiteRunner.runSequentially(SuiteRunner.java:431)
	at org.testng.SuiteRunner.privateRun(SuiteRunner.java:391)
	at org.testng.SuiteRunner.run(SuiteRunner.java:330)
	at org.testng.SuiteRunnerWorker.runSuite(SuiteRunnerWorker.java:52)
	at org.testng.SuiteRunnerWorker.run(SuiteRunnerWorker.java:95)
	at org.testng.TestNG.runSuitesSequentially(TestNG.java:1256)
	at org.testng.TestNG.runSuitesLocally(TestNG.java:1176)
	at org.testng.TestNG.runSuites(TestNG.java:1099)
	at org.testng.TestNG.run(TestNG.java:1067)
	at org.apache.maven.surefire.testng.TestNGExecutor.run(TestNGExecutor.java:155)
	at org.apache.maven.surefire.testng.TestNGDirectoryTestSuite.executeSingleClass(TestNGDirectoryTestSuite.java:102)
	at org.apache.maven.surefire.testng.TestNGDirectoryTestSuite.execute(TestNGDirectoryTestSuite.java:91)
	at org.apache.maven.surefire.testng.TestNGProvider.invoke(TestNGProvider.java:137)
	at org.apache.maven.surefire.booter.ForkedBooter.runSuitesInProcess(ForkedBooter.java:385)
	at org.apache.maven.surefire.booter.ForkedBooter.execute(ForkedBooter.java:162)
	at org.apache.maven.surefire.booter.ForkedBooter.run(ForkedBooter.java:507)
	at org.apache.maven.surefire.booter.ForkedBooter.main(ForkedBooter.java:495)
]]></failure>
    <system-out><![CDATA[
Scenario: Validate navigation bar text                          &amp#27;[90m# src/test/resources/features/TC02_Dashboard.feature:19&amp#27;[0m
  &amp#27;[32mGiven &amp#27;[0m&amp#27;[32mAdmin is in login page&amp#27;[0m                                  &amp#27;[90m# stepDefinitions.DashboardSteps.admin_is_in_login_page()&amp#27;[0m
  &amp#27;[33mWhen &amp#27;[0m&amp#27;[33mAdmin enter valid credentials and clicks login button&amp#27;[0m
  &amp#27;[36mThen &amp#27;[0m&amp#27;[36mAdmin should see correct spelling in navigation bar text&amp#27;[0m &amp#27;[90m# stepDefinitions.DashboardSteps.admin_should_see_correct_spelling_in_navigation_bar_text()&amp#27;[0m
[INFO ]2024-10-2912:31:47.308[main]utilities.LoggerLoad1]-Quitting the browser 
]]></system-out>
    <system-err><![CDATA[Oct 29, 2024 12:31:39 PM org.openqa.selenium.devtools.CdpVersionFinder findNearestMatch
WARNING: Unable to find an exact match for CDP version 130, returning the closest version; found: 129; Please update to a Selenium version that supports CDP version 130
]]></system-err>
  </testcase>
  <testcase name="runScenario[&quot;Validate LMS title has correct spelling and space&quot;, &quot;Validating Dashboard Page&quot;](27)" classname="runner.TestRunner" time="14.417">
    <failure message="The step &apos;Admin enter valid credentials and clicks login button&apos; is undefined.&#10;You can implement this step using the snippet(s) below:&#10;&#10;@When(&quot;Admin enter valid credentials and clicks login button&quot;)&#10;public void admin_enter_valid_credentials_and_clicks_login_button() {&#10;    // Write code here that turns the phrase above into concrete actions&#10;    throw new io.cucumber.java.PendingException();&#10;}&#10;" type="io.cucumber.testng.UndefinedStepException"><![CDATA[io.cucumber.testng.UndefinedStepException: 
The step 'Admin enter valid credentials and clicks login button' is undefined.
You can implement this step using the snippet(s) below:

@When("Admin enter valid credentials and clicks login button")
public void admin_enter_valid_credentials_and_clicks_login_button() {
    // Write code here that turns the phrase above into concrete actions
    throw new io.cucumber.java.PendingException();
}

	at io.cucumber.core.runtime.TestCaseResultObserver.assertTestCasePassed(TestCaseResultObserver.java:69)
	at io.cucumber.testng.TestCaseResultObserver.assertTestCasePassed(TestCaseResultObserver.java:23)
	at io.cucumber.testng.TestNGCucumberRunner.lambda$runScenario$1(TestNGCucumberRunner.java:136)
	at io.cucumber.core.runtime.CucumberExecutionContext.lambda$runTestCase$5(CucumberExecutionContext.java:136)
	at io.cucumber.core.runtime.RethrowingThrowableCollector.executeAndThrow(RethrowingThrowableCollector.java:23)
	at io.cucumber.core.runtime.CucumberExecutionContext.runTestCase(CucumberExecutionContext.java:136)
	at io.cucumber.testng.TestNGCucumberRunner.runScenario(TestNGCucumberRunner.java:132)
	at io.cucumber.testng.AbstractTestNGCucumberTests.runScenario(AbstractTestNGCucumberTests.java:35)
	at java.base/jdk.internal.reflect.DirectMethodHandleAccessor.invoke(DirectMethodHandleAccessor.java:103)
	at java.base/java.lang.reflect.Method.invoke(Method.java:580)
	at org.testng.internal.invokers.MethodInvocationHelper.invokeMethod(MethodInvocationHelper.java:139)
	at org.testng.internal.invokers.TestInvoker.invokeMethod(TestInvoker.java:677)
	at org.testng.internal.invokers.TestInvoker.invokeTestMethod(TestInvoker.java:221)
	at org.testng.internal.invokers.MethodRunner.runInSequence(MethodRunner.java:50)
	at org.testng.internal.invokers.TestInvoker$MethodInvocationAgent.invoke(TestInvoker.java:969)
	at org.testng.internal.invokers.TestInvoker.invokeTestMethods(TestInvoker.java:194)
	at org.testng.internal.invokers.TestMethodWorker.invokeTestMethods(TestMethodWorker.java:148)
	at org.testng.internal.invokers.TestMethodWorker.run(TestMethodWorker.java:128)
	at java.base/java.util.ArrayList.forEach(ArrayList.java:1596)
	at org.testng.TestRunner.privateRun(TestRunner.java:829)
	at org.testng.TestRunner.run(TestRunner.java:602)
	at org.testng.SuiteRunner.runTest(SuiteRunner.java:437)
	at org.testng.SuiteRunner.runSequentially(SuiteRunner.java:431)
	at org.testng.SuiteRunner.privateRun(SuiteRunner.java:391)
	at org.testng.SuiteRunner.run(SuiteRunner.java:330)
	at org.testng.SuiteRunnerWorker.runSuite(SuiteRunnerWorker.java:52)
	at org.testng.SuiteRunnerWorker.run(SuiteRunnerWorker.java:95)
	at org.testng.TestNG.runSuitesSequentially(TestNG.java:1256)
	at org.testng.TestNG.runSuitesLocally(TestNG.java:1176)
	at org.testng.TestNG.runSuites(TestNG.java:1099)
	at org.testng.TestNG.run(TestNG.java:1067)
	at org.apache.maven.surefire.testng.TestNGExecutor.run(TestNGExecutor.java:155)
	at org.apache.maven.surefire.testng.TestNGDirectoryTestSuite.executeSingleClass(TestNGDirectoryTestSuite.java:102)
	at org.apache.maven.surefire.testng.TestNGDirectoryTestSuite.execute(TestNGDirectoryTestSuite.java:91)
	at org.apache.maven.surefire.testng.TestNGProvider.invoke(TestNGProvider.java:137)
	at org.apache.maven.surefire.booter.ForkedBooter.runSuitesInProcess(ForkedBooter.java:385)
	at org.apache.maven.surefire.booter.ForkedBooter.execute(ForkedBooter.java:162)
	at org.apache.maven.surefire.booter.ForkedBooter.run(ForkedBooter.java:507)
	at org.apache.maven.surefire.booter.ForkedBooter.main(ForkedBooter.java:495)
]]></failure>
    <system-out><![CDATA[
Scenario: Validate LMS title has correct spelling and space     &amp#27;[90m# src/test/resources/features/TC02_Dashboard.feature:23&amp#27;[0m
  &amp#27;[32mGiven &amp#27;[0m&amp#27;[32mAdmin is in login page&amp#27;[0m                                  &amp#27;[90m# stepDefinitions.DashboardSteps.admin_is_in_login_page()&amp#27;[0m
  &amp#27;[33mWhen &amp#27;[0m&amp#27;[33mAdmin enter valid credentials and clicks login button&amp#27;[0m
  &amp#27;[36mThen &amp#27;[0m&amp#27;[36mAdmin should see correct spelling and space in LMS title&amp#27;[0m &amp#27;[90m# stepDefinitions.DashboardSteps.admin_should_see_correct_spelling_and_space_in_lms_title()&amp#27;[0m
[INFO ]2024-10-2912:32:01.702[main]utilities.LoggerLoad1]-Quitting the browser 
]]></system-out>
    <system-err><![CDATA[Oct 29, 2024 12:31:54 PM org.openqa.selenium.devtools.CdpVersionFinder findNearestMatch
WARNING: Unable to find an exact match for CDP version 130, returning the closest version; found: 129; Please update to a Selenium version that supports CDP version 130
]]></system-err>
  </testcase>
  <testcase name="runScenario[&quot;Verify Admin Navigate to Batch page successfully&quot;, &quot;Batch Page Navigation&quot;](28)" classname="runner.TestRunner" time="26.707">
    <system-out><![CDATA[
Scenario: Verify Admin Navigate to Batch page successfully &amp#27;[90m# src/test/resources/features/TC04_01_Batch_Page_Navigation.feature:8&amp#27;[0m
  &amp#27;[32mGiven &amp#27;[0m&amp#27;[32mAdmin successfully Logged on to LMS Portal&amp#27;[0m         &amp#27;[90m# stepDefinitions.Batch_BatchPageNavigation.admin_successfully_logged_on_to_the_lms_portal()&amp#27;[0m
  &amp#27;[32mWhen &amp#27;[0m&amp#27;[32mAdmin Clicks on the Batch menu from the header&amp#27;[0m      &amp#27;[90m# stepDefinitions.Batch_BatchPageNavigation.admin_clicks_on_the_batch_menu_from_the_header()&amp#27;[0m
[INFO ]2024-10-2912:32:28.419[main]utilities.LoggerLoad1]-Manage Batch Page navigation worked
  &amp#27;[32mThen &amp#27;[0m&amp#27;[32mAdmin should be in the Manage Batch Page&amp#27;[0m            &amp#27;[90m# stepDefinitions.Batch_BatchPageNavigation.admin_should_be_in_the_manage_batch_page()&amp#27;[0m
[INFO ]2024-10-2912:32:28.420[main]utilities.LoggerLoad1]-Quitting the browser 
]]></system-out>
    <system-err><![CDATA[Oct 29, 2024 12:32:08 PM org.openqa.selenium.devtools.CdpVersionFinder findNearestMatch
WARNING: Unable to find an exact match for CDP version 130, returning the closest version; found: 129; Please update to a Selenium version that supports CDP version 130
]]></system-err>
  </testcase>
  <testcase name="runScenario[&quot;Validate &quot;Title&quot; in Batch Page&quot;, &quot;Batch Page Validation&quot;](29)" classname="runner.TestRunner" time="27.753">
    <system-out><![CDATA[
Scenario: Validate "Title" in Batch Page                           &amp#27;[90m# src/test/resources/features/TC04_02_Batch_Page_Validation.feature:8&amp#27;[0m
  &amp#27;[32mGiven &amp#27;[0m&amp#27;[32mAdmin is on the Dashboard page after Login&amp#27;[0m                 &amp#27;[90m# stepDefinitions.Batch_BatchPageValidationSteps.admin_is_on_the_dashboard_page_after_login()&amp#27;[0m
  &amp#27;[32mWhen &amp#27;[0m&amp#27;[32mAdmin Clicks on the Batch menu from header&amp#27;[0m                  &amp#27;[90m# stepDefinitions.Batch_BatchPageValidationSteps.admin_clicks_on_the_batch_menu_from_header()&amp#27;[0m
  &amp#27;[32mThen &amp#27;[0m&amp#27;[32mAdmin should see the &amp#27;[0m&amp#27;[32m&amp#27;[1m"LMS-Learning Management System"&amp#27;[0m&amp#27;[32m Title&amp#27;[0m &amp#27;[90m# stepDefinitions.Batch_BatchPageValidationSteps.admin_should_see_the_title(java.lang.String)&amp#27;[0m
[INFO ]2024-10-2912:32:56.178[main]utilities.LoggerLoad1]-Quitting the browser 
]]></system-out>
    <system-err><![CDATA[Oct 29, 2024 12:32:36 PM org.openqa.selenium.devtools.CdpVersionFinder findNearestMatch
WARNING: Unable to find an exact match for CDP version 130, returning the closest version; found: 129; Please update to a Selenium version that supports CDP version 130
]]></system-err>
  </testcase>
  <testcase name="runScenario[&quot;Validate &quot;heading&quot; in the Batch Page&quot;, &quot;Batch Page Validation&quot;](30)" classname="runner.TestRunner" time="30.922">
    <system-out><![CDATA[
Scenario: Validate "heading" in the Batch Page     &amp#27;[90m# src/test/resources/features/TC04_02_Batch_Page_Validation.feature:12&amp#27;[0m
  &amp#27;[32mGiven &amp#27;[0m&amp#27;[32mAdmin is on the Dashboard page after Login&amp#27;[0m &amp#27;[90m# stepDefinitions.Batch_BatchPageValidationSteps.admin_is_on_the_dashboard_page_after_login()&amp#27;[0m
  &amp#27;[32mWhen &amp#27;[0m&amp#27;[32mAdmin Clicks on the Batch menu from header&amp#27;[0m  &amp#27;[90m# stepDefinitions.Batch_BatchPageValidationSteps.admin_clicks_on_the_batch_menu_from_header()&amp#27;[0m
  &amp#27;[32mThen &amp#27;[0m&amp#27;[32mAdmin should see the &amp#27;[0m&amp#27;[32m&amp#27;[1m"Manage Batch"&amp#27;[0m&amp#27;[32m Heading&amp#27;[0m &amp#27;[90m# stepDefinitions.Batch_BatchPageValidationSteps.admin_should_see_the_heading(java.lang.String)&amp#27;[0m
[INFO ]2024-10-2912:33:27.097[main]utilities.LoggerLoad1]-Quitting the browser 
]]></system-out>
    <system-err><![CDATA[Oct 29, 2024 12:33:04 PM org.openqa.selenium.devtools.CdpVersionFinder findNearestMatch
WARNING: Unable to find an exact match for CDP version 130, returning the closest version; found: 129; Please update to a Selenium version that supports CDP version 130
]]></system-err>
  </testcase>
  <testcase name="runScenario[&quot;Validate disabled &quot;Delete Icon&quot; under the header in the Batch Page&quot;, &quot;Batch Page Validation&quot;](31)" classname="runner.TestRunner" time="28.602">
    <system-out><![CDATA[
Scenario: Validate disabled "Delete Icon" under the header in the Batch Page &amp#27;[90m# src/test/resources/features/TC04_02_Batch_Page_Validation.feature:16&amp#27;[0m
  &amp#27;[32mGiven &amp#27;[0m&amp#27;[32mAdmin is on the Dashboard page after Login&amp#27;[0m                           &amp#27;[90m# stepDefinitions.Batch_BatchPageValidationSteps.admin_is_on_the_dashboard_page_after_login()&amp#27;[0m
  &amp#27;[32mWhen &amp#27;[0m&amp#27;[32mAdmin Clicks on the Batch menu from header&amp#27;[0m                            &amp#27;[90m# stepDefinitions.Batch_BatchPageValidationSteps.admin_clicks_on_the_batch_menu_from_header()&amp#27;[0m
  &amp#27;[32mThen &amp#27;[0m&amp#27;[32mAdmin should see the disabled &amp#27;[0m&amp#27;[32m&amp#27;[1m"Delete Icon"&amp#27;[0m&amp#27;[32m under the header&amp#27;[0m          &amp#27;[90m# stepDefinitions.Batch_BatchPageValidationSteps.admin_should_see_the_disabled_under_the_header(java.lang.String)&amp#27;[0m
[INFO ]2024-10-2912:33:55.681[main]utilities.LoggerLoad1]-Quitting the browser 
]]></system-out>
    <system-err><![CDATA[Oct 29, 2024 12:33:35 PM org.openqa.selenium.devtools.CdpVersionFinder findNearestMatch
WARNING: Unable to find an exact match for CDP version 130, returning the closest version; found: 129; Please update to a Selenium version that supports CDP version 130
]]></system-err>
  </testcase>
  <testcase name="runScenario[&quot;Validate pagination in the Batch Page&quot;, &quot;Batch Page Validation&quot;](32)" classname="runner.TestRunner" time="27.765">
    <system-out><![CDATA[
Scenario: Validate pagination in the Batch Page                              &amp#27;[90m# src/test/resources/features/TC04_02_Batch_Page_Validation.feature:20&amp#27;[0m
  &amp#27;[32mGiven &amp#27;[0m&amp#27;[32mAdmin is on the Dashboard page after Login&amp#27;[0m                           &amp#27;[90m# stepDefinitions.Batch_BatchPageValidationSteps.admin_is_on_the_dashboard_page_after_login()&amp#27;[0m
  &amp#27;[32mWhen &amp#27;[0m&amp#27;[32mAdmin Clicks on the Batch menu from header&amp#27;[0m                            &amp#27;[90m# stepDefinitions.Batch_BatchPageValidationSteps.admin_clicks_on_the_batch_menu_from_header()&amp#27;[0m
  &amp#27;[32mThen &amp#27;[0m&amp#27;[32mAdmin should see the enabled pagination controls under the data table&amp#27;[0m &amp#27;[90m# stepDefinitions.Batch_BatchPageValidationSteps.admin_should_see_the_enabled_pagination_controls_under_the_data_table()&amp#27;[0m
[INFO ]2024-10-2912:34:23.454[main]utilities.LoggerLoad1]-Quitting the browser 
]]></system-out>
    <system-err><![CDATA[Oct 29, 2024 12:34:04 PM org.openqa.selenium.devtools.CdpVersionFinder findNearestMatch
WARNING: Unable to find an exact match for CDP version 130, returning the closest version; found: 129; Please update to a Selenium version that supports CDP version 130
]]></system-err>
  </testcase>
  <testcase name="runScenario[&quot;Validate edit icon in each data rows&quot;, &quot;Batch Page Validation&quot;](33)" classname="runner.TestRunner" time="29.904">
    <system-out><![CDATA[
Scenario: Validate edit icon in each data rows     &amp#27;[90m# src/test/resources/features/TC04_02_Batch_Page_Validation.feature:24&amp#27;[0m
  &amp#27;[32mGiven &amp#27;[0m&amp#27;[32mAdmin is on the Dashboard page after Login&amp#27;[0m &amp#27;[90m# stepDefinitions.Batch_BatchPageValidationSteps.admin_is_on_the_dashboard_page_after_login()&amp#27;[0m
  &amp#27;[32mWhen &amp#27;[0m&amp#27;[32mAdmin Clicks on the Batch menu from header&amp#27;[0m  &amp#27;[90m# stepDefinitions.Batch_BatchPageValidationSteps.admin_clicks_on_the_batch_menu_from_header()&amp#27;[0m
  &amp#27;[32mThen &amp#27;[0m&amp#27;[32mAdmin should see the edit icon in each row&amp#27;[0m  &amp#27;[90m# stepDefinitions.Batch_BatchPageValidationSteps.admin_should_see_the_edit_icon_in_each_row()&amp#27;[0m
[INFO ]2024-10-2912:34:53.361[main]utilities.LoggerLoad1]-Quitting the browser 
]]></system-out>
    <system-err><![CDATA[Oct 29, 2024 12:34:32 PM org.openqa.selenium.devtools.CdpVersionFinder findNearestMatch
WARNING: Unable to find an exact match for CDP version 130, returning the closest version; found: 129; Please update to a Selenium version that supports CDP version 130
]]></system-err>
  </testcase>
  <testcase name="runScenario[&quot;validate delete icon in each data rows&quot;, &quot;Batch Page Validation&quot;](34)" classname="runner.TestRunner" time="28.543">
    <system-out><![CDATA[
Scenario: validate delete icon in each data rows    &amp#27;[90m# src/test/resources/features/TC04_02_Batch_Page_Validation.feature:28&amp#27;[0m
  &amp#27;[32mGiven &amp#27;[0m&amp#27;[32mAdmin is on the Dashboard page after Login&amp#27;[0m  &amp#27;[90m# stepDefinitions.Batch_BatchPageValidationSteps.admin_is_on_the_dashboard_page_after_login()&amp#27;[0m
  &amp#27;[32mWhen &amp#27;[0m&amp#27;[32mAdmin Clicks on the Batch menu from header&amp#27;[0m   &amp#27;[90m# stepDefinitions.Batch_BatchPageValidationSteps.admin_clicks_on_the_batch_menu_from_header()&amp#27;[0m
  &amp#27;[32mThen &amp#27;[0m&amp#27;[32mAdmin should see the delete icon in each row&amp#27;[0m &amp#27;[90m# stepDefinitions.Batch_BatchPageValidationSteps.admin_should_see_the_delete_icon_in_each_row()&amp#27;[0m
[INFO ]2024-10-2912:35:21.900[main]utilities.LoggerLoad1]-Quitting the browser 
]]></system-out>
    <system-err><![CDATA[Oct 29, 2024 12:35:00 PM org.openqa.selenium.devtools.CdpVersionFinder findNearestMatch
WARNING: Unable to find an exact match for CDP version 130, returning the closest version; found: 129; Please update to a Selenium version that supports CDP version 130
]]></system-err>
  </testcase>
  <testcase name="runScenario[&quot;validate checkbox in each data rows&quot;, &quot;Batch Page Validation&quot;](35)" classname="runner.TestRunner" time="29.608">
    <system-out><![CDATA[
Scenario: validate checkbox in each data rows      &amp#27;[90m# src/test/resources/features/TC04_02_Batch_Page_Validation.feature:32&amp#27;[0m
  &amp#27;[32mGiven &amp#27;[0m&amp#27;[32mAdmin is on the Dashboard page after Login&amp#27;[0m &amp#27;[90m# stepDefinitions.Batch_BatchPageValidationSteps.admin_is_on_the_dashboard_page_after_login()&amp#27;[0m
  &amp#27;[32mWhen &amp#27;[0m&amp#27;[32mAdmin Clicks on the Batch menu from header&amp#27;[0m  &amp#27;[90m# stepDefinitions.Batch_BatchPageValidationSteps.admin_clicks_on_the_batch_menu_from_header()&amp#27;[0m
  &amp#27;[32mThen &amp#27;[0m&amp#27;[32mAdmin should see the checkbox in each row&amp#27;[0m   &amp#27;[90m# stepDefinitions.Batch_BatchPageValidationSteps.admin_should_see_the_checkbox_in_each_row()&amp#27;[0m
[INFO ]2024-10-2912:35:51.511[main]utilities.LoggerLoad1]-Quitting the browser 
]]></system-out>
    <system-err><![CDATA[Oct 29, 2024 12:35:30 PM org.openqa.selenium.devtools.CdpVersionFinder findNearestMatch
WARNING: Unable to find an exact match for CDP version 130, returning the closest version; found: 129; Please update to a Selenium version that supports CDP version 130
]]></system-err>
  </testcase>
  <testcase name="runScenario[&quot;Validate Datatable headers&quot;, &quot;Batch Page Validation&quot;](36)" classname="runner.TestRunner" time="28.863">
    <system-out><![CDATA[
Scenario: Validate Datatable headers                                                                                               &amp#27;[90m# src/test/resources/features/TC04_02_Batch_Page_Validation.feature:36&amp#27;[0m
  &amp#27;[32mGiven &amp#27;[0m&amp#27;[32mAdmin is on the Dashboard page after Login&amp#27;[0m                                                                                 &amp#27;[90m# stepDefinitions.Batch_BatchPageValidationSteps.admin_is_on_the_dashboard_page_after_login()&amp#27;[0m
  &amp#27;[32mWhen &amp#27;[0m&amp#27;[32mAdmin Clicks on the Batch menu from header&amp#27;[0m                                                                                  &amp#27;[90m# stepDefinitions.Batch_BatchPageValidationSteps.admin_clicks_on_the_batch_menu_from_header()&amp#27;[0m
[INFO ]2024-10-2912:36:20.380[main]utilities.LoggerLoad1]-Manage Batch page validation completed
  &amp#27;[32mThen &amp#27;[0m&amp#27;[32mAdmin should see the datatable headers Batch name, Batch Description,Batch Status, No Of classes, Program Name, Edit/Delete&amp#27;[0m &amp#27;[90m# stepDefinitions.Batch_BatchPageValidationSteps.admin_should_see_the_datatable_headers_batch_name_batch_description_batch_status_no_of_classes_program_name_edit_delete()&amp#27;[0m
[INFO ]2024-10-2912:36:20.381[main]utilities.LoggerLoad1]-Quitting the browser 
]]></system-out>
    <system-err><![CDATA[Oct 29, 2024 12:35:59 PM org.openqa.selenium.devtools.CdpVersionFinder findNearestMatch
WARNING: Unable to find an exact match for CDP version 130, returning the closest version; found: 129; Please update to a Selenium version that supports CDP version 130
]]></system-err>
  </testcase>
  <testcase name="runScenario[&quot;Validate &quot;Checkbox&quot; in the Datatable header row&quot;, &quot;Batch Page Validation&quot;](37)" classname="runner.TestRunner" time="28.79">
    <system-out><![CDATA[
Scenario: Validate "Checkbox" in the Datatable header row         &amp#27;[90m# src/test/resources/features/TC04_02_Batch_Page_Validation.feature:40&amp#27;[0m
  &amp#27;[32mGiven &amp#27;[0m&amp#27;[32mAdmin is on the Dashboard page after Login&amp#27;[0m                &amp#27;[90m# stepDefinitions.Batch_BatchPageValidationSteps.admin_is_on_the_dashboard_page_after_login()&amp#27;[0m
  &amp#27;[32mWhen &amp#27;[0m&amp#27;[32mAdmin Clicks on the Batch menu from header&amp#27;[0m                 &amp#27;[90m# stepDefinitions.Batch_BatchPageValidationSteps.admin_clicks_on_the_batch_menu_from_header()&amp#27;[0m
  &amp#27;[32mThen &amp#27;[0m&amp#27;[32mAdmin should see the checkbox  in the datatable header row&amp#27;[0m &amp#27;[90m# stepDefinitions.Batch_BatchPageValidationSteps.admin_should_see_the_checkbox_in_the_datatable_header_row()&amp#27;[0m
[INFO ]2024-10-2912:36:49.163[main]utilities.LoggerLoad1]-Quitting the browser 
]]></system-out>
    <system-err><![CDATA[Oct 29, 2024 12:36:27 PM org.openqa.selenium.devtools.CdpVersionFinder findNearestMatch
WARNING: Unable to find an exact match for CDP version 130, returning the closest version; found: 129; Please update to a Selenium version that supports CDP version 130
]]></system-err>
  </testcase>
  <testcase name="runScenario[&quot;Validate &quot;sort icon&quot; next to all the datatable header&quot;, &quot;Batch Page Validation&quot;](38)" classname="runner.TestRunner" time="28.644">
    <system-out><![CDATA[
Scenario: Validate "sort icon" next to all the datatable header     &amp#27;[90m# src/test/resources/features/TC04_02_Batch_Page_Validation.feature:44&amp#27;[0m
  &amp#27;[32mGiven &amp#27;[0m&amp#27;[32mAdmin is on the Dashboard page after Login&amp#27;[0m                  &amp#27;[90m# stepDefinitions.Batch_BatchPageValidationSteps.admin_is_on_the_dashboard_page_after_login()&amp#27;[0m
  &amp#27;[32mWhen &amp#27;[0m&amp#27;[32mAdmin Clicks on the Batch menu from header&amp#27;[0m                   &amp#27;[90m# stepDefinitions.Batch_BatchPageValidationSteps.admin_clicks_on_the_batch_menu_from_header()&amp#27;[0m
  &amp#27;[32mThen &amp#27;[0m&amp#27;[32mAdmin should see the sort icon next to all Datatable headers&amp#27;[0m &amp#27;[90m# stepDefinitions.Batch_BatchPageValidationSteps.admin_should_see_the_sort_icon_next_to_all_datatable_headers()&amp#27;[0m
[INFO ]2024-10-2912:37:17.807[main]utilities.LoggerLoad1]-Quitting the browser 
]]></system-out>
    <system-err><![CDATA[Oct 29, 2024 12:36:57 PM org.openqa.selenium.devtools.CdpVersionFinder findNearestMatch
WARNING: Unable to find an exact match for CDP version 130, returning the closest version; found: 129; Please update to a Selenium version that supports CDP version 130
]]></system-err>
  </testcase>
  <testcase name="runScenario[&quot;Verify sub menu displayed in batch menu bar&quot;, &quot;Add New Batch&quot;](39)" classname="runner.TestRunner" time="29.875">
    <system-out><![CDATA[
Scenario: Verify sub menu displayed in batch menu bar           &amp#27;[90m# src/test/resources/features/TC04_03_Add_New_Batch.feature:8&amp#27;[0m
  &amp#27;[32mGiven &amp#27;[0m&amp#27;[32mAdmin is on the Batch page&amp#27;[0m                              &amp#27;[90m# stepDefinitions.Batch_AddNewBatch.admin_is_on_the_batch_page()&amp#27;[0m
  &amp#27;[32mWhen &amp#27;[0m&amp#27;[32mAdmin clicks &amp#27;[0m&amp#27;[32m&amp#27;[1m"Batch"&amp#27;[0m&amp#27;[32m on the navigation bar&amp#27;[0m               &amp#27;[90m# stepDefinitions.Batch_AddNewBatch.admin_clicks_on_the_navigation_bar(java.lang.String)&amp#27;[0m
  &amp#27;[32mThen &amp#27;[0m&amp#27;[32mAdmin should see sub menu in menu bar as &amp#27;[0m&amp#27;[32m&amp#27;[1m"Add New Batch"&amp#27;[0m &amp#27;[90m# stepDefinitions.Batch_AddNewBatch.admin_should_see_sub_menu_in_menu_bar_as(java.lang.String)&amp#27;[0m
[INFO ]2024-10-2912:37:47.677[main]utilities.LoggerLoad1]-Quitting the browser 
]]></system-out>
    <system-err><![CDATA[Oct 29, 2024 12:37:26 PM org.openqa.selenium.devtools.CdpVersionFinder findNearestMatch
WARNING: Unable to find an exact match for CDP version 130, returning the closest version; found: 129; Please update to a Selenium version that supports CDP version 130
]]></system-err>
  </testcase>
  <testcase name="runScenario[&quot;Validate Admin able to click on the Add new Batch Option&quot;, &quot;Add New Batch&quot;](40)" classname="runner.TestRunner" time="31.463">
    <system-out><![CDATA[
Scenario: Validate Admin able to click on the Add new Batch Option &amp#27;[90m# src/test/resources/features/TC04_03_Add_New_Batch.feature:12&amp#27;[0m
  &amp#27;[32mGiven &amp#27;[0m&amp#27;[32mAdmin is on the Batch page&amp#27;[0m                                 &amp#27;[90m# stepDefinitions.Batch_AddNewBatch.admin_is_on_the_batch_page()&amp#27;[0m
  &amp#27;[32mWhen &amp#27;[0m&amp#27;[32mAdmin clicks on &amp#27;[0m&amp#27;[32m&amp#27;[1m"Add New batch"&amp#27;[0m&amp#27;[32m under the &amp#27;[0m&amp#27;[32m&amp#27;[1m"batch"&amp#27;[0m&amp#27;[32m menu bar&amp#27;[0m  &amp#27;[90m# stepDefinitions.Batch_AddNewBatch.admin_clicks_on_under_the_menu_bar(java.lang.String,java.lang.String)&amp#27;[0m
[INFO ]2024-10-2912:38:19.144[main]utilities.LoggerLoad1]-Add New Batch Popup Opened
  &amp#27;[32mThen &amp#27;[0m&amp#27;[32mAdmin should see the Batch Details pop up window&amp#27;[0m            &amp#27;[90m# stepDefinitions.Batch_AddNewBatch.admin_should_see_the_batch_details_pop_up_window()&amp#27;[0m
[INFO ]2024-10-2912:38:19.145[main]utilities.LoggerLoad1]-Quitting the browser 
]]></system-out>
    <system-err><![CDATA[Oct 29, 2024 12:37:55 PM org.openqa.selenium.devtools.CdpVersionFinder findNearestMatch
WARNING: Unable to find an exact match for CDP version 130, returning the closest version; found: 129; Please update to a Selenium version that supports CDP version 130
]]></system-err>
  </testcase>
  <testcase name="runScenario[&quot;Validate all the fields exist in pop up&quot;, &quot;Add New Batch details pop up&quot;](41)" classname="runner.TestRunner" time="96.043">
    <system-out><![CDATA[
Scenario: Validate all the fields exist in pop up                                                                                                      &amp#27;[90m# src/test/resources/features/TC04_04_Add_New_Batch_details_pop_up.feature:8&amp#27;[0m
  &amp#27;[32mGiven &amp#27;[0m&amp#27;[32mAdmin is on the Add new batch pop up&amp#27;[0m                                                                                                           &amp#27;[90m# stepDefinitions.Batch_AddNewBatchDetailsPopup.admin_is_on_the_add_new_batch_pop_up()&amp#27;[0m
  &amp#27;[32mWhen &amp#27;[0m&amp#27;[32mAdmin checks all the fields are enabled&amp#27;[0m                                                                                                         &amp#27;[90m# stepDefinitions.Batch_AddNewBatchDetailsPopup.admin_checks_all_the_fields_are_enabled()&amp#27;[0m
[INFO ]2024-10-2912:39:55.133[main]utilities.LoggerLoad1]-Add New Batch field validation completed
  &amp#27;[32mThen &amp#27;[0m&amp#27;[32mThe pop up should include the fields Batch Name,Number of classes and Description as text box, Program Name as drop down Status as radio button&amp#27;[0m &amp#27;[90m# stepDefinitions.Batch_AddNewBatchDetailsPopup.the_pop_up_should_include_the_fields_batch_name_number_of_classes_and_description_as_text_box_program_name_as_drop_down_status_as_radio_button()&amp#27;[0m
[INFO ]2024-10-2912:39:55.146[main]utilities.LoggerLoad1]-Quitting the browser 
]]></system-out>
    <system-err><![CDATA[Oct 29, 2024 12:38:27 PM org.openqa.selenium.devtools.CdpVersionFinder findNearestMatch
WARNING: Unable to find an exact match for CDP version 130, returning the closest version; found: 129; Please update to a Selenium version that supports CDP version 130
]]></system-err>
  </testcase>
  <testcase name="runScenario[&quot;Validate batchname prefix selected program name&quot;, &quot;Add New Batch details pop up&quot;](42)" classname="runner.TestRunner" time="33.584">
    <system-out><![CDATA[
Scenario: Validate batchname prefix selected program name                  &amp#27;[90m# src/test/resources/features/TC04_04_Add_New_Batch_details_pop_up.feature:12&amp#27;[0m
  &amp#27;[32mGiven &amp#27;[0m&amp#27;[32mAdmin is on the Add new batch pop up&amp#27;[0m                               &amp#27;[90m# stepDefinitions.Batch_AddNewBatchDetailsPopup.admin_is_on_the_add_new_batch_pop_up()&amp#27;[0m
  &amp#27;[32mWhen &amp#27;[0m&amp#27;[32mAdmin selects program name present in the dropdown&amp#27;[0m                  &amp#27;[90m# stepDefinitions.Batch_AddNewBatchDetailsPopup.admin_selects_program_name_present_in_the_dropdown()&amp#27;[0m
[...]
  &amp#27;[32mGiven &amp#27;[0m&amp#27;[32mAdmin is on the batch page for Delete&amp#27;[0m                        &amp#27;[90m# stepDefinitions.Batch_Delete_batch_validation.admin_is_on_the_batch_page_for_delete()&amp#27;[0m
  &amp#27;[32mWhen &amp#27;[0m&amp#27;[32mAdmin clicks the delete Icon on any of the row&amp#27;[0m                &amp#27;[90m# stepDefinitions.Batch_Delete_batch_validation.admin_clicks_the_delete_icon_on_any_of_the_row()&amp#27;[0m
  &amp#27;[32mThen &amp#27;[0m&amp#27;[32mAdmin should see the confirm alert box with yes and no button&amp#27;[0m &amp#27;[90m# stepDefinitions.Batch_Delete_batch_validation.admin_should_see_the_confirm_alert_box_with_yes_and_no_button()&amp#27;[0m
[INFO ]2024-10-2912:50:40.366[main]utilities.LoggerLoad1]-Quitting the browser 
]]></system-out>
    <system-err><![CDATA[Oct 29, 2024 12:50:19 PM org.openqa.selenium.devtools.CdpVersionFinder findNearestMatch
WARNING: Unable to find an exact match for CDP version 130, returning the closest version; found: 129; Please update to a Selenium version that supports CDP version 130
]]></system-err>
  </testcase>
  <testcase name="runScenario[&quot;Validate yes button on the confirm alert box in delete batch&quot;, &quot;Delete batch validation&quot;](57)" classname="runner.TestRunner" time="32.576">
    <system-out><![CDATA[
Scenario: Validate yes button on the confirm alert box in delete batch          &amp#27;[90m# src/test/resources/features/TC04_07_Delete_batch_validation.feature:12&amp#27;[0m
  &amp#27;[32mGiven &amp#27;[0m&amp#27;[32mAdmin is on the batch page for Delete&amp#27;[0m                                   &amp#27;[90m# stepDefinitions.Batch_Delete_batch_validation.admin_is_on_the_batch_page_for_delete()&amp#27;[0m
  &amp#27;[32mWhen &amp#27;[0m&amp#27;[32mAdmin clicks on the delete icon and click yes buttton&amp#27;[0m                    &amp#27;[90m# stepDefinitions.Batch_Delete_batch_validation.admin_clicks_on_the_delete_icon_and_click_yes_buttton()&amp#27;[0m
[INFO ]2024-10-2912:51:12.960[main]utilities.LoggerLoad1]-Batch successully deleted
  &amp#27;[32mThen &amp#27;[0m&amp#27;[32mAdmin should see the successfull message and the batch should be deleted&amp#27;[0m &amp#27;[90m# stepDefinitions.Batch_Delete_batch_validation.admin_should_see_the_successfull_message_and_the_batch_should_be_deleted()&amp#27;[0m
[INFO ]2024-10-2912:51:12.962[main]utilities.LoggerLoad1]-Quitting the browser 
]]></system-out>
    <system-err><![CDATA[Oct 29, 2024 12:50:49 PM org.openqa.selenium.devtools.CdpVersionFinder findNearestMatch
WARNING: Unable to find an exact match for CDP version 130, returning the closest version; found: 129; Please update to a Selenium version that supports CDP version 130
]]></system-err>
  </testcase>
  <testcase name="runScenario[&quot;validate no button on the confirm alert box in delete batch&quot;, &quot;Delete batch validation&quot;](58)" classname="runner.TestRunner" time="29.265">
    <system-out><![CDATA[
Scenario: validate no button on the confirm alert box in delete batch     &amp#27;[90m# src/test/resources/features/TC04_07_Delete_batch_validation.feature:16&amp#27;[0m
  &amp#27;[32mGiven &amp#27;[0m&amp#27;[32mAdmin is on the batch page for Delete&amp#27;[0m                             &amp#27;[90m# stepDefinitions.Batch_Delete_batch_validation.admin_is_on_the_batch_page_for_delete()&amp#27;[0m
  &amp#27;[32mWhen &amp#27;[0m&amp#27;[32mAdmin clicks on the delete icon and click no buttton&amp#27;[0m               &amp#27;[90m# stepDefinitions.Batch_Delete_batch_validation.admin_clicks_on_the_delete_icon_and_click_no_buttton()&amp#27;[0m
  &amp#27;[32mThen &amp#27;[0m&amp#27;[32mAdmin should see the alert box closed and the batch is not deleted&amp#27;[0m &amp#27;[90m# stepDefinitions.Batch_Delete_batch_validation.admin_should_see_the_alert_box_closed_and_the_batch_is_not_deleted()&amp#27;[0m
[INFO ]2024-10-2912:51:42.233[main]utilities.LoggerLoad1]-Quitting the browser 
]]></system-out>
    <system-err><![CDATA[Oct 29, 2024 12:51:20 PM org.openqa.selenium.devtools.CdpVersionFinder findNearestMatch
WARNING: Unable to find an exact match for CDP version 130, returning the closest version; found: 129; Please update to a Selenium version that supports CDP version 130
]]></system-err>
  </testcase>
  <testcase name="runScenario[&quot;validate close Icon on the alert box in delete batch&quot;, &quot;Delete batch validation&quot;](59)" classname="runner.TestRunner" time="29.582">
    <system-out><![CDATA[
Scenario: validate close Icon on the alert box in delete batch &amp#27;[90m# src/test/resources/features/TC04_07_Delete_batch_validation.feature:20&amp#27;[0m
  &amp#27;[32mGiven &amp#27;[0m&amp#27;[32mAdmin is on the batch page for Delete&amp#27;[0m                  &amp#27;[90m# stepDefinitions.Batch_Delete_batch_validation.admin_is_on_the_batch_page_for_delete()&amp#27;[0m
  &amp#27;[32mWhen &amp#27;[0m&amp#27;[32mAdmin clicks on the close icon on alert box&amp#27;[0m             &amp#27;[90m# stepDefinitions.Batch_Delete_batch_validation.admin_clicks_on_the_close_icon_on_alert_box()&amp#27;[0m
  &amp#27;[32mThen &amp#27;[0m&amp#27;[32mAdmin should see the alert box closed&amp#27;[0m                   &amp#27;[90m# stepDefinitions.Batch_Delete_batch_validation.admin_should_see_the_alert_box_closed()&amp#27;[0m
[INFO ]2024-10-2912:52:11.806[main]utilities.LoggerLoad1]-Quitting the browser 
]]></system-out>
    <system-err><![CDATA[Oct 29, 2024 12:51:50 PM org.openqa.selenium.devtools.CdpVersionFinder findNearestMatch
WARNING: Unable to find an exact match for CDP version 130, returning the closest version; found: 129; Please update to a Selenium version that supports CDP version 130
]]></system-err>
  </testcase>
  <testcase name="runScenario[&quot;Validate single row delete with checkbox&quot;, &quot;Delete multiple batches with check box&quot;](60)" classname="runner.TestRunner" time="34.789">
    <system-out><![CDATA[
Scenario: Validate single row delete with checkbox                                  &amp#27;[90m# src/test/resources/features/TC04_08_Delete_multiple_batches_with_check_box.feature:8&amp#27;[0m
  &amp#27;[32mGiven &amp#27;[0m&amp#27;[32mAdmin is on the batch page for delete multiple&amp#27;[0m                              &amp#27;[90m# stepDefinitions.Batch_Delete_multiple_batches_with_check_box.admin_is_on_the_batch_page_for_delete_multiple()&amp#27;[0m
  &amp#27;[32mWhen &amp#27;[0m&amp#27;[32mAdmin clicks on the delete icon under the Manage batch header for single row&amp#27;[0m &amp#27;[90m# stepDefinitions.Batch_Delete_multiple_batches_with_check_box.admin_clicks_on_the_delete_icon_under_the_manage_batch_header_for_single_row()&amp#27;[0m
[INFO ]2024-10-2912:52:46.594[main]utilities.LoggerLoad1]-Based on row count, batch is deleted successfully
  &amp#27;[32mThen &amp#27;[0m&amp#27;[32mThe respective row in the table should be deleted&amp#27;[0m                            &amp#27;[90m# stepDefinitions.Batch_Delete_multiple_batches_with_check_box.the_respective_row_in_the_table_should_be_deleted()&amp#27;[0m
[INFO ]2024-10-2912:52:46.595[main]utilities.LoggerLoad1]-Quitting the browser 
]]></system-out>
    <system-err><![CDATA[Oct 29, 2024 12:52:20 PM org.openqa.selenium.devtools.CdpVersionFinder findNearestMatch
WARNING: Unable to find an exact match for CDP version 130, returning the closest version; found: 129; Please update to a Selenium version that supports CDP version 130
]]></system-err>
  </testcase>
  <testcase name="runScenario[&quot;Validate multiple row delete with checkbox&quot;, &quot;Delete multiple batches with check box&quot;](61)" classname="runner.TestRunner" time="40.008">
    <system-out><![CDATA[
Scenario: Validate multiple row delete with checkbox                                  &amp#27;[90m# src/test/resources/features/TC04_08_Delete_multiple_batches_with_check_box.feature:12&amp#27;[0m
  &amp#27;[32mGiven &amp#27;[0m&amp#27;[32mAdmin is on the batch page for delete multiple&amp#27;[0m                                &amp#27;[90m# stepDefinitions.Batch_Delete_multiple_batches_with_check_box.admin_is_on_the_batch_page_for_delete_multiple()&amp#27;[0m
  &amp#27;[32mWhen &amp#27;[0m&amp#27;[32mAdmin clicks on the delete icon under the Manage batch header for multiple row&amp#27;[0m &amp#27;[90m# stepDefinitions.Batch_Delete_multiple_batches_with_check_box.admin_clicks_on_the_delete_icon_under_the_manage_batch_header_for_multiple_row()&amp#27;[0m
[INFO ]2024-10-2912:53:26.606[main]utilities.LoggerLoad1]-Based on row count, batch is deleted successfully
  &amp#27;[32mThen &amp#27;[0m&amp#27;[32mThe respective row in the table should be deleted&amp#27;[0m                              &amp#27;[90m# stepDefinitions.Batch_Delete_multiple_batches_with_check_box.the_respective_row_in_the_table_should_be_deleted()&amp#27;[0m
[INFO ]2024-10-2912:53:26.607[main]utilities.LoggerLoad1]-Quitting the browser 
]]></system-out>
    <system-err><![CDATA[Oct 29, 2024 12:52:54 PM org.openqa.selenium.devtools.CdpVersionFinder findNearestMatch
WARNING: Unable to find an exact match for CDP version 130, returning the closest version; found: 129; Please update to a Selenium version that supports CDP version 130
]]></system-err>
  </testcase>
  <testcase name="runScenario[&quot;Validate next page link&quot;, &quot;Pagination&quot;](62)" classname="runner.TestRunner" time="94.443">
    <system-out><![CDATA[
Scenario: Validate next page link                    &amp#27;[90m# src/test/resources/features/TC04_09_Pagination.feature:8&amp#27;[0m
  &amp#27;[32mGiven &amp#27;[0m&amp#27;[32mAdmin is on the batch page for Pagination&amp#27;[0m    &amp#27;[90m# stepDefinitions.Batch_Pagination.admin_is_on_the_batch_page_for_pagination()&amp#27;[0m
  &amp#27;[32mWhen &amp#27;[0m&amp#27;[32mAdmin clicks next page link on the data table&amp#27;[0m &amp#27;[90m# stepDefinitions.Batch_Pagination.admin_clicks_next_page_link_on_the_data_table()&amp#27;[0m
[INFO ]2024-10-2912:55:00.973[main]utilities.LoggerLoad1]-Pagination validated for Next page
  &amp#27;[32mThen &amp#27;[0m&amp#27;[32mAdmin should see the Next enabled link&amp#27;[0m        &amp#27;[90m# stepDefinitions.Batch_Pagination.admin_should_see_the_next_enabled_link()&amp#27;[0m
[INFO ]2024-10-2912:55:00.976[main]utilities.LoggerLoad1]-Quitting the browser 
]]></system-out>
    <system-err><![CDATA[Oct 29, 2024 12:53:35 PM org.openqa.selenium.devtools.CdpVersionFinder findNearestMatch
WARNING: Unable to find an exact match for CDP version 130, returning the closest version; found: 129; Please update to a Selenium version that supports CDP version 130
]]></system-err>
  </testcase>
  <testcase name="runScenario[&quot;validate last page link&quot;, &quot;Pagination&quot;](63)" classname="runner.TestRunner" time="95.551">
    <system-out><![CDATA[
Scenario: validate last page link                                                    &amp#27;[90m# src/test/resources/features/TC04_09_Pagination.feature:12&amp#27;[0m
  &amp#27;[32mGiven &amp#27;[0m&amp#27;[32mAdmin is on the batch page for Pagination&amp#27;[0m                                    &amp#27;[90m# stepDefinitions.Batch_Pagination.admin_is_on_the_batch_page_for_pagination()&amp#27;[0m
  &amp#27;[32mWhen &amp#27;[0m&amp#27;[32mAdmin clicks last page link on the data table&amp#27;[0m                                 &amp#27;[90m# stepDefinitions.Batch_Pagination.admin_clicks_last_page_link_on_the_data_table()&amp#27;[0m
[INFO ]2024-10-2912:56:36.530[main]utilities.LoggerLoad1]-Pagination validated for Last page
  &amp#27;[32mThen &amp#27;[0m&amp#27;[32mAdmin should see the last page link with next page link disabled on the table&amp#27;[0m &amp#27;[90m# stepDefinitions.Batch_Pagination.admin_should_see_the_last_page_link_with_next_page_link_disabled_on_the_table()&amp#27;[0m
[INFO ]2024-10-2912:56:36.533[main]utilities.LoggerLoad1]-Quitting the browser 
]]></system-out>
    <system-err><![CDATA[Oct 29, 2024 12:55:08 PM org.openqa.selenium.devtools.CdpVersionFinder findNearestMatch
WARNING: Unable to find an exact match for CDP version 130, returning the closest version; found: 129; Please update to a Selenium version that supports CDP version 130
]]></system-err>
  </testcase>
  <testcase name="runScenario[&quot;validate the backward page link&quot;, &quot;Pagination&quot;](64)" classname="runner.TestRunner" time="154.58">
    <system-out><![CDATA[
Scenario: validate the backward page link                &amp#27;[90m# src/test/resources/features/TC04_09_Pagination.feature:16&amp#27;[0m
  &amp#27;[32mGiven &amp#27;[0m&amp#27;[32mAdmin is on the batch page for Pagination&amp#27;[0m        &amp#27;[90m# stepDefinitions.Batch_Pagination.admin_is_on_the_batch_page_for_pagination()&amp#27;[0m
  &amp#27;[32mWhen &amp#27;[0m&amp#27;[32mAdmin clicks backward page link on the data table&amp#27;[0m &amp#27;[90m# stepDefinitions.Batch_Pagination.admin_clicks_backward_page_link_on_the_data_table()&amp#27;[0m
[INFO ]2024-10-2912:59:11.091[main]utilities.LoggerLoad1]-Pagination validated for Previous page
  &amp#27;[32mThen &amp#27;[0m&amp#27;[32mAdmin should see the previous page on the table&amp#27;[0m   &amp#27;[90m# stepDefinitions.Batch_Pagination.admin_should_see_the_previous_page_on_the_table()&amp#27;[0m
[INFO ]2024-10-2912:59:11.093[main]utilities.LoggerLoad1]-Quitting the browser 
]]></system-out>
    <system-err><![CDATA[Oct 29, 2024 12:56:44 PM org.openqa.selenium.devtools.CdpVersionFinder findNearestMatch
WARNING: Unable to find an exact match for CDP version 130, returning the closest version; found: 129; Please update to a Selenium version that supports CDP version 130
]]></system-err>
  </testcase>
  <testcase name="runScenario[&quot;validate the first page link&quot;, &quot;Pagination&quot;](65)" classname="runner.TestRunner" time="126.37">
    <system-out><![CDATA[
Scenario: validate the first page link                        &amp#27;[90m# src/test/resources/features/TC04_09_Pagination.feature:20&amp#27;[0m
  &amp#27;[32mGiven &amp#27;[0m&amp#27;[32mAdmin is on the batch page for Pagination&amp#27;[0m             &amp#27;[90m# stepDefinitions.Batch_Pagination.admin_is_on_the_batch_page_for_pagination()&amp#27;[0m
  &amp#27;[32mWhen &amp#27;[0m&amp#27;[32mAdmin clicks first page link on the data table&amp#27;[0m         &amp#27;[90m# stepDefinitions.Batch_Pagination.admin_clicks_first_page_link_on_the_data_table()&amp#27;[0m
[INFO ]2024-10-2913:01:17.467[main]utilities.LoggerLoad1]-Pagination validated for First page
  &amp#27;[32mThen &amp#27;[0m&amp#27;[32mAdmin should see the very first page on the data table&amp#27;[0m &amp#27;[90m# stepDefinitions.Batch_Pagination.admin_should_see_the_very_first_page_on_the_data_table()&amp#27;[0m
[INFO ]2024-10-2913:01:17.470[main]utilities.LoggerLoad1]-Quitting the browser 
]]></system-out>
    <system-err><![CDATA[Oct 29, 2024 12:59:20 PM org.openqa.selenium.devtools.CdpVersionFinder findNearestMatch
WARNING: Unable to find an exact match for CDP version 130, returning the closest version; found: 129; Please update to a Selenium version that supports CDP version 130
]]></system-err>
  </testcase>
  <testcase name="runScenario[&quot;validate serach box functionality&quot;, &quot;Search Text box validation&quot;](66)" classname="runner.TestRunner" time="32.219">
    <system-out><![CDATA[
Scenario: validate serach box functionality                    &amp#27;[90m# src/test/resources/features/TC04_10_Search_Text_box_validation.feature:8&amp#27;[0m
  &amp#27;[32mGiven &amp#27;[0m&amp#27;[32mAdmin is on the batch page for search&amp#27;[0m                  &amp#27;[90m# stepDefinitions.Batch_Search_Text_box_validation.admin_is_on_the_batch_page_for_search()&amp#27;[0m
  &amp#27;[32mWhen &amp#27;[0m&amp#27;[32mAdmin enters the batch name in the serach text box&amp#27;[0m      &amp#27;[90m# stepDefinitions.Batch_Search_Text_box_validation.admin_enters_the_batch_name_in_the_serach_text_box()&amp#27;[0m
StaleElementReferenceException encountered. Retrying... 1
[INFO ]2024-10-2913:01:49.776[main]utilities.LoggerLoad1]-Search validation completed
  &amp#27;[32mThen &amp#27;[0m&amp#27;[32mAdmin should see the filtered batches in the data table&amp#27;[0m &amp#27;[90m# stepDefinitions.Batch_Search_Text_box_validation.admin_should_see_the_filtered_batches_in_the_data_table()&amp#27;[0m
[INFO ]2024-10-2913:01:49.778[main]utilities.LoggerLoad1]-Quitting the browser 
]]></system-out>
    <system-err><![CDATA[Oct 29, 2024 1:01:25 PM org.openqa.selenium.devtools.CdpVersionFinder findNearestMatch
WARNING: Unable to find an exact match for CDP version 130, returning the closest version; found: 129; Please update to a Selenium version that supports CDP version 130
]]></system-err>
  </testcase>
  <testcase name="runScenario[&quot;Validate logout option in the header is visible and enabled from the batch page&quot;, &quot;LogOut of the application from the batch page&quot;](67)" classname="runner.TestRunner" time="32.136">
    <system-out><![CDATA[
Scenario: Validate logout option in the header is visible and enabled from the batch page &amp#27;[90m# src/test/resources/features/TC04_11_LogOut_of_the_application_from_the_batch_page.feature:8&amp#27;[0m
  &amp#27;[32mGiven &amp#27;[0m&amp#27;[32mAdmin is on the batch page for logout&amp#27;[0m                                             &amp#27;[90m# stepDefinitions.Batch_LogOut_of_the_application_from_the_batch_page.admin_is_on_the_batch_page_for_logout()&amp#27;[0m
  &amp#27;[32mWhen &amp#27;[0m&amp#27;[32mAdmin clicks on the logout button&amp#27;[0m                                                  &amp#27;[90m# stepDefinitions.Batch_LogOut_of_the_application_from_the_batch_page.admin_clicks_on_the_logout_button()&amp#27;[0m
[INFO ]2024-10-2913:02:21.907[main]utilities.LoggerLoad1]-Admin logged out successfully
  &amp#27;[32mThen &amp#27;[0m&amp#27;[32mAdmin should see the Login screen Page&amp#27;[0m                                             &amp#27;[90m# stepDefinitions.Batch_LogOut_of_the_application_from_the_batch_page.admin_should_see_the_login_screen_page()&amp#27;[0m
[INFO ]2024-10-2913:02:21.908[main]utilities.LoggerLoad1]-Quitting the browser 
]]></system-out>
    <system-err><![CDATA[Oct 29, 2024 1:01:57 PM org.openqa.selenium.devtools.CdpVersionFinder findNearestMatch
WARNING: Unable to find an exact match for CDP version 130, returning the closest version; found: 129; Please update to a Selenium version that supports CDP version 130
]]></system-err>
  </testcase>
  <testcase name="runScenario[&quot;Verify logout function&quot;, &quot;Validation on Logout button&quot;](68)" classname="runner.TestRunner" time="24.525">
    <system-out><![CDATA[
Scenario: Verify logout function                  &amp#27;[90m# src/test/resources/features/TC06_LogoutPage.feature:3&amp#27;[0m
  &amp#27;[32mGiven &amp#27;[0m&amp#27;[32mAdmin is in dashboard page&amp#27;[0m                &amp#27;[90m# stepDefinitions.LogoutSteps.admin_is_in_dashboard_page()&amp#27;[0m
  &amp#27;[32mWhen &amp#27;[0m&amp#27;[32mAdmin clicks on the logout in the menu bar&amp#27;[0m &amp#27;[90m# stepDefinitions.LogoutSteps.admin_clicks_on_the_logout_in_the_menu_bar()&amp#27;[0m
[INFO ]2024-10-2913:02:46.451[main]utilities.LoggerLoad1]-Admin logged out successfully
  &amp#27;[32mThen &amp#27;[0m&amp#27;[32mAdmin should be redirected to login page&amp#27;[0m   &amp#27;[90m# stepDefinitions.LogoutSteps.admin_should_be_redirected_to_login_page()&amp#27;[0m
[INFO ]2024-10-2913:02:46.452[main]utilities.LoggerLoad1]-Quitting the browser 
]]></system-out>
    <system-err><![CDATA[Oct 29, 2024 1:02:30 PM org.openqa.selenium.devtools.CdpVersionFinder findNearestMatch
WARNING: Unable to find an exact match for CDP version 130, returning the closest version; found: 129; Please update to a Selenium version that supports CDP version 130
]]></system-err>
  </testcase>
</testsuite>