<?xml version="1.0" encoding="UTF-8"?>
<testng-results ignored="0" total="3" passed="3" failed="0" skipped="0">
  <reporter-output>
  </reporter-output>
  <suite started-at="2024-10-23T23:20:49 EDT" name="Default suite" finished-at="2024-10-23T23:21:21 EDT" duration-ms="32428">
    <groups>
      <group name="cucumber">
        <method signature="AbstractTestNGCucumberTests.runScenario(io.cucumber.testng.PickleWrapper,io.cucumber.testng.FeatureWrapper)[pri:0, instance:runner.TestRunner@cecf639]" name="runScenario" class="io.cucumber.testng.AbstractTestNGCucumberTests"/>
      </group> <!-- cucumber -->
    </groups>
    <test started-at="2024-10-23T23:20:49 EDT" name="Default test" finished-at="2024-10-23T23:21:21 EDT" duration-ms="32428">
      <class name="runner.TestRunner">
        <test-method is-config="true" signature="setUpClass(org.testng.ITestContext)[pri:0, instance:runner.TestRunner@cecf639]" started-at="2024-10-23T23:20:49 EDT" name="setUpClass" finished-at="2024-10-23T23:20:50 EDT" duration-ms="808" status="PASS">
          <params>
            <param index="0">
              <value>
                <![CDATA[org.testng.TestRunner@793d163b]]>
              </value>
            </param>
          </params>
          <reporter-output>
          </reporter-output>
        </test-method> <!-- setUpClass -->
        <test-method signature="runScenario(io.cucumber.testng.PickleWrapper,io.cucumber.testng.FeatureWrapper)[pri:0, instance:runner.TestRunner@cecf639]" started-at="2024-10-23T23:20:50 EDT" name="runScenario" description="Runs Cucumber Scenarios" data-provider="scenarios" finished-at="2024-10-23T23:21:04 EDT" duration-ms="13775" status="PASS">
          <params>
            <param index="0">
              <value>
                <![CDATA["Verify Admin is able to land on login page"]]>
              </value>
            </param>
            <param index="1">
              <value>
                <![CDATA["Validating Login Page"]]>
              </value>
            </param>
          </params>
          <reporter-output>
          </reporter-output>
        </test-method> <!-- runScenario -->
        <test-method signature="runScenario(io.cucumber.testng.PickleWrapper,io.cucumber.testng.FeatureWrapper)[pri:0, instance:runner.TestRunner@cecf639]" started-at="2024-10-23T23:21:04 EDT" name="runScenario" description="Runs Cucumber Scenarios" data-provider="scenarios" finished-at="2024-10-23T23:21:12 EDT" duration-ms="8096" status="PASS">
          <params>
            <param index="0">
              <value>
                <![CDATA["Verify Admin is able to land on dashboard page"]]>
              </value>
            </param>
            <param index="1">
              <value>
                <![CDATA["Validating Login Page"]]>
              </value>
            </param>
          </params>
          <reporter-output>
          </reporter-output>
        </test-method> <!-- runScenario -->
        <test-method signature="runScenario(io.cucumber.testng.PickleWrapper,io.cucumber.testng.FeatureWrapper)[pri:0, instance:runner.TestRunner@cecf639]" started-at="2024-10-23T23:21:12 EDT" name="runScenario" description="Runs Cucumber Scenarios" data-provider="scenarios" finished-at="2024-10-23T23:21:21 EDT" duration-ms="9580" status="PASS">
          <params>
            <param index="0">
              <value>
                <![CDATA["Verify Admin Navigate to Batch page successfully"]]>
              </value>
            </param>
            <param index="1">
              <value>
                <![CDATA["Batch Page Navigation"]]>
              </value>
            </param>
          </params>
          <reporter-output>
          </reporter-output>
        </test-method> <!-- runScenario -->
        <test-method is-config="true" signature="tearDownClass()[pri:0, instance:runner.TestRunner@cecf639]" started-at="2024-10-23T23:21:21 EDT" name="tearDownClass" finished-at="2024-10-23T23:21:21 EDT" duration-ms="40" status="PASS">
          <reporter-output>
          </reporter-output>
        </test-method> <!-- tearDownClass -->
      </class> <!-- runner.TestRunner -->
    </test> <!-- Default test -->
  </suite> <!-- Default suite -->
</testng-results>
