<?xml version="1.0" encoding="UTF-8"?>
<testng-results ignored="0" total="10" passed="10" failed="0" skipped="0">
  <reporter-output>
  </reporter-output>
  <suite started-at="2024-10-25T17:05:34 EDT" name="Default suite" finished-at="2024-10-25T17:10:29 EDT" duration-ms="295024">
    <groups>
      <group name="cucumber">
        <method signature="AbstractTestNGCucumberTests.runScenario(io.cucumber.testng.PickleWrapper,io.cucumber.testng.FeatureWrapper)[pri:0, instance:runner.TestRunner@2bd08376]" name="runScenario" class="io.cucumber.testng.AbstractTestNGCucumberTests"/>
      </group> <!-- cucumber -->
    </groups>
    <test started-at="2024-10-25T17:05:34 EDT" name="Default test" finished-at="2024-10-25T17:10:29 EDT" duration-ms="295024">
      <class name="runner.TestRunner">
        <test-method is-config="true" signature="setUpClass(org.testng.ITestContext)[pri:0, instance:runner.TestRunner@2bd08376]" started-at="2024-10-25T17:05:34 EDT" name="setUpClass" finished-at="2024-10-25T17:05:35 EDT" duration-ms="915" status="PASS">
          <params>
            <param index="0">
              <value>
                <![CDATA[org.testng.TestRunner@34d72f06]]>
              </value>
            </param>
          </params>
          <reporter-output>
          </reporter-output>
        </test-method> <!-- setUpClass -->
        <test-method signature="runScenario(io.cucumber.testng.PickleWrapper,io.cucumber.testng.FeatureWrapper)[pri:0, instance:runner.TestRunner@2bd08376]" started-at="2024-10-25T17:05:35 EDT" name="runScenario" description="Runs Cucumber Scenarios" data-provider="scenarios" finished-at="2024-10-25T17:06:06 EDT" duration-ms="30270" status="PASS">
          <params>
            <param index="0">
              <value>
                <![CDATA["Validate "Title" in Batch Page"]]>
              </value>
            </param>
            <param index="1">
              <value>
                <![CDATA["Batch Page Validation"]]>
              </value>
            </param>
          </params>
          <reporter-output>
          </reporter-output>
        </test-method> <!-- runScenario -->
        <test-method signature="runScenario(io.cucumber.testng.PickleWrapper,io.cucumber.testng.FeatureWrapper)[pri:0, instance:runner.TestRunner@2bd08376]" started-at="2024-10-25T17:06:06 EDT" name="runScenario" description="Runs Cucumber Scenarios" data-provider="scenarios" finished-at="2024-10-25T17:06:34 EDT" duration-ms="28368" status="PASS">
          <params>
            <param index="0">
              <value>
                <![CDATA["Validate "heading" in the Batch Page"]]>
              </value>
            </param>
            <param index="1">
              <value>
                <![CDATA["Batch Page Validation"]]>
              </value>
            </param>
          </params>
          <reporter-output>
          </reporter-output>
        </test-method> <!-- runScenario -->
        <test-method signature="runScenario(io.cucumber.testng.PickleWrapper,io.cucumber.testng.FeatureWrapper)[pri:0, instance:runner.TestRunner@2bd08376]" started-at="2024-10-25T17:06:34 EDT" name="runScenario" description="Runs Cucumber Scenarios" data-provider="scenarios" finished-at="2024-10-25T17:07:01 EDT" duration-ms="26632" status="PASS">
          <params>
            <param index="0">
              <value>
                <![CDATA["Validate disabled "Delete Icon" under the header in the Batch Page"]]>
              </value>
            </param>
            <param index="1">
              <value>
                <![CDATA["Batch Page Validation"]]>
              </value>
            </param>
          </params>
          <reporter-output>
          </reporter-output>
        </test-method> <!-- runScenario -->
        <test-method signature="runScenario(io.cucumber.testng.PickleWrapper,io.cucumber.testng.FeatureWrapper)[pri:0, instance:runner.TestRunner@2bd08376]" started-at="2024-10-25T17:07:01 EDT" name="runScenario" description="Runs Cucumber Scenarios" data-provider="scenarios" finished-at="2024-10-25T17:07:29 EDT" duration-ms="28196" status="PASS">
          <params>
            <param index="0">
              <value>
                <![CDATA["Validate pagination in the Batch Page"]]>
              </value>
            </param>
            <param index="1">
              <value>
                <![CDATA["Batch Page Validation"]]>
              </value>
            </param>
          </params>
          <reporter-output>
          </reporter-output>
        </test-method> <!-- runScenario -->
        <test-method signature="runScenario(io.cucumber.testng.PickleWrapper,io.cucumber.testng.FeatureWrapper)[pri:0, instance:runner.TestRunner@2bd08376]" started-at="2024-10-25T17:07:29 EDT" name="runScenario" description="Runs Cucumber Scenarios" data-provider="scenarios" finished-at="2024-10-25T17:07:56 EDT" duration-ms="27268" status="PASS">
          <params>
            <param index="0">
              <value>
                <![CDATA["Validate edit icon in each data rows"]]>
              </value>
            </param>
            <param index="1">
              <value>
                <![CDATA["Batch Page Validation"]]>
              </value>
            </param>
          </params>
          <reporter-output>
          </reporter-output>
        </test-method> <!-- runScenario -->
        <test-method signature="runScenario(io.cucumber.testng.PickleWrapper,io.cucumber.testng.FeatureWrapper)[pri:0, instance:runner.TestRunner@2bd08376]" started-at="2024-10-25T17:07:56 EDT" name="runScenario" description="Runs Cucumber Scenarios" data-provider="scenarios" finished-at="2024-10-25T17:08:27 EDT" duration-ms="30718" status="PASS">
          <params>
            <param index="0">
              <value>
                <![CDATA["validate delete icon in each data rows"]]>
              </value>
            </param>
            <param index="1">
              <value>
                <![CDATA["Batch Page Validation"]]>
              </value>
            </param>
          </params>
          <reporter-output>
          </reporter-output>
        </test-method> <!-- runScenario -->
        <test-method signature="runScenario(io.cucumber.testng.PickleWrapper,io.cucumber.testng.FeatureWrapper)[pri:0, instance:runner.TestRunner@2bd08376]" started-at="2024-10-25T17:08:27 EDT" name="runScenario" description="Runs Cucumber Scenarios" data-provider="scenarios" finished-at="2024-10-25T17:08:59 EDT" duration-ms="31725" status="PASS">
          <params>
            <param index="0">
              <value>
                <![CDATA["validate checkbox in each data rows"]]>
              </value>
            </param>
            <param index="1">
              <value>
                <![CDATA["Batch Page Validation"]]>
              </value>
            </param>
          </params>
          <reporter-output>
          </reporter-output>
        </test-method> <!-- runScenario -->
        <test-method signature="runScenario(io.cucumber.testng.PickleWrapper,io.cucumber.testng.FeatureWrapper)[pri:0, instance:runner.TestRunner@2bd08376]" started-at="2024-10-25T17:08:59 EDT" name="runScenario" description="Runs Cucumber Scenarios" data-provider="scenarios" finished-at="2024-10-25T17:09:30 EDT" duration-ms="31710" status="PASS">
          <params>
            <param index="0">
              <value>
                <![CDATA["Validate Datatable headers"]]>
              </value>
            </param>
            <param index="1">
              <value>
                <![CDATA["Batch Page Validation"]]>
              </value>
            </param>
          </params>
          <reporter-output>
          </reporter-output>
        </test-method> <!-- runScenario -->
        <test-method signature="runScenario(io.cucumber.testng.PickleWrapper,io.cucumber.testng.FeatureWrapper)[pri:0, instance:runner.TestRunner@2bd08376]" started-at="2024-10-25T17:09:30 EDT" name="runScenario" description="Runs Cucumber Scenarios" data-provider="scenarios" finished-at="2024-10-25T17:10:02 EDT" duration-ms="31406" status="PASS">
          <params>
            <param index="0">
              <value>
                <![CDATA["Validate "Checkbox" in the Datatable header row"]]>
              </value>
            </param>
            <param index="1">
              <value>
                <![CDATA["Batch Page Validation"]]>
              </value>
            </param>
          </params>
          <reporter-output>
          </reporter-output>
        </test-method> <!-- runScenario -->
        <test-method signature="runScenario(io.cucumber.testng.PickleWrapper,io.cucumber.testng.FeatureWrapper)[pri:0, instance:runner.TestRunner@2bd08376]" started-at="2024-10-25T17:10:02 EDT" name="runScenario" description="Runs Cucumber Scenarios" data-provider="scenarios" finished-at="2024-10-25T17:10:29 EDT" duration-ms="26927" status="PASS">
          <params>
            <param index="0">
              <value>
                <![CDATA["Validate "sort icon" next to all the datatable header"]]>
              </value>
            </param>
            <param index="1">
              <value>
                <![CDATA["Batch Page Validation"]]>
              </value>
            </param>
          </params>
          <reporter-output>
          </reporter-output>
        </test-method> <!-- runScenario -->
        <test-method is-config="true" signature="tearDownClass()[pri:0, instance:runner.TestRunner@2bd08376]" started-at="2024-10-25T17:10:29 EDT" name="tearDownClass" finished-at="2024-10-25T17:10:29 EDT" duration-ms="624" status="PASS">
          <reporter-output>
          </reporter-output>
        </test-method> <!-- tearDownClass -->
      </class> <!-- runner.TestRunner -->
    </test> <!-- Default test -->
  </suite> <!-- Default suite -->
</testng-results>
