<?xml version="1.0" encoding="UTF-8"?>
<testng-results ignored="0" total="9" passed="9" failed="0" skipped="0">
  <reporter-output>
  </reporter-output>
  <suite started-at="2024-10-29T07:24:56 EDT" name="Default suite" finished-at="2024-10-29T07:33:44 EDT" duration-ms="528350">
    <groups>
      <group name="cucumber">
        <method signature="AbstractTestNGCucumberTests.runScenario(io.cucumber.testng.PickleWrapper,io.cucumber.testng.FeatureWrapper)[pri:0, instance:runner.TestRunner@2bd08376]" name="runScenario" class="io.cucumber.testng.AbstractTestNGCucumberTests"/>
      </group> <!-- cucumber -->
    </groups>
    <test started-at="2024-10-29T07:24:56 EDT" name="Default test" finished-at="2024-10-29T07:33:44 EDT" duration-ms="528350">
      <class name="runner.TestRunner">
        <test-method is-config="true" signature="setUpClass(org.testng.ITestContext)[pri:0, instance:runner.TestRunner@2bd08376]" started-at="2024-10-29T07:24:56 EDT" name="setUpClass" finished-at="2024-10-29T07:24:57 EDT" duration-ms="902" status="PASS">
          <params>
            <param index="0">
              <value>
                <![CDATA[org.testng.TestRunner@775a5a67]]>
              </value>
            </param>
          </params>
          <reporter-output>
          </reporter-output>
        </test-method> <!-- setUpClass -->
        <test-method signature="runScenario(io.cucumber.testng.PickleWrapper,io.cucumber.testng.FeatureWrapper)[pri:0, instance:runner.TestRunner@2bd08376]" started-at="2024-10-29T07:24:57 EDT" name="runScenario" description="Runs Cucumber Scenarios" data-provider="scenarios" finished-at="2024-10-29T07:26:38 EDT" duration-ms="101281" status="PASS">
          <params>
            <param index="0">
              <value>
                <![CDATA["Validate all the fields exist in pop up"]]>
              </value>
            </param>
            <param index="1">
              <value>
                <![CDATA["Add New Batch details pop up"]]>
              </value>
            </param>
          </params>
          <reporter-output>
          </reporter-output>
        </test-method> <!-- runScenario -->
        <test-method signature="runScenario(io.cucumber.testng.PickleWrapper,io.cucumber.testng.FeatureWrapper)[pri:0, instance:runner.TestRunner@2bd08376]" started-at="2024-10-29T07:26:38 EDT" name="runScenario" description="Runs Cucumber Scenarios" data-provider="scenarios" finished-at="2024-10-29T07:27:15 EDT" duration-ms="36566" status="PASS">
          <params>
            <param index="0">
              <value>
                <![CDATA["Validate batchname prefix selected program name"]]>
              </value>
            </param>
            <param index="1">
              <value>
                <![CDATA["Add New Batch details pop up"]]>
              </value>
            </param>
          </params>
          <reporter-output>
          </reporter-output>
        </test-method> <!-- runScenario -->
        <test-method signature="runScenario(io.cucumber.testng.PickleWrapper,io.cucumber.testng.FeatureWrapper)[pri:0, instance:runner.TestRunner@2bd08376]" started-at="2024-10-29T07:27:15 EDT" name="runScenario" description="Runs Cucumber Scenarios" data-provider="scenarios" finished-at="2024-10-29T07:27:51 EDT" duration-ms="35838" status="PASS">
          <params>
            <param index="0">
              <value>
                <![CDATA["Validate batch name suffix box should accept only numbers"]]>
              </value>
            </param>
            <param index="1">
              <value>
                <![CDATA["Add New Batch details pop up"]]>
              </value>
            </param>
          </params>
          <reporter-output>
          </reporter-output>
        </test-method> <!-- runScenario -->
        <test-method signature="runScenario(io.cucumber.testng.PickleWrapper,io.cucumber.testng.FeatureWrapper)[pri:0, instance:runner.TestRunner@2bd08376]" started-at="2024-10-29T07:27:51 EDT" name="runScenario" description="Runs Cucumber Scenarios" data-provider="scenarios" finished-at="2024-10-29T07:28:38 EDT" duration-ms="47355" status="PASS">
          <params>
            <param index="0">
              <value>
                <![CDATA["Validate batch name prefix box is not editable"]]>
              </value>
            </param>
            <param index="1">
              <value>
                <![CDATA["Add New Batch details pop up"]]>
              </value>
            </param>
          </params>
          <reporter-output>
          </reporter-output>
        </test-method> <!-- runScenario -->
        <test-method signature="runScenario(io.cucumber.testng.PickleWrapper,io.cucumber.testng.FeatureWrapper)[pri:0, instance:runner.TestRunner@2bd08376]" started-at="2024-10-29T07:28:38 EDT" name="runScenario" description="Runs Cucumber Scenarios" data-provider="scenarios" finished-at="2024-10-29T07:29:50 EDT" duration-ms="72115" status="PASS">
          <params>
            <param index="0">
              <value>
                <![CDATA["Validate input data only for mandatory fields"]]>
              </value>
            </param>
            <param index="1">
              <value>
                <![CDATA["Add New Batch details pop up"]]>
              </value>
            </param>
          </params>
          <reporter-output>
          </reporter-output>
        </test-method> <!-- runScenario -->
        <test-method signature="runScenario(io.cucumber.testng.PickleWrapper,io.cucumber.testng.FeatureWrapper)[pri:0, instance:runner.TestRunner@2bd08376]" started-at="2024-10-29T07:29:50 EDT" name="runScenario" description="Runs Cucumber Scenarios" data-provider="scenarios" finished-at="2024-10-29T07:30:53 EDT" duration-ms="63236" status="PASS">
          <params>
            <param index="0">
              <value>
                <![CDATA["validate input data missing for mandatory fields"]]>
              </value>
            </param>
            <param index="1">
              <value>
                <![CDATA["Add New Batch details pop up"]]>
              </value>
            </param>
          </params>
          <reporter-output>
          </reporter-output>
        </test-method> <!-- runScenario -->
        <test-method signature="runScenario(io.cucumber.testng.PickleWrapper,io.cucumber.testng.FeatureWrapper)[pri:0, instance:runner.TestRunner@2bd08376]" started-at="2024-10-29T07:30:53 EDT" name="runScenario" description="Runs Cucumber Scenarios" data-provider="scenarios" finished-at="2024-10-29T07:32:03 EDT" duration-ms="69429" status="PASS">
          <params>
            <param index="0">
              <value>
                <![CDATA["validate save button in Batch details pop up"]]>
              </value>
            </param>
            <param index="1">
              <value>
                <![CDATA["Add New Batch details pop up"]]>
              </value>
            </param>
          </params>
          <reporter-output>
          </reporter-output>
        </test-method> <!-- runScenario -->
        <test-method signature="runScenario(io.cucumber.testng.PickleWrapper,io.cucumber.testng.FeatureWrapper)[pri:0, instance:runner.TestRunner@2bd08376]" started-at="2024-10-29T07:32:03 EDT" name="runScenario" description="Runs Cucumber Scenarios" data-provider="scenarios" finished-at="2024-10-29T07:33:11 EDT" duration-ms="67947" status="PASS">
          <params>
            <param index="0">
              <value>
                <![CDATA["validate cancel button in Batch details pop up"]]>
              </value>
            </param>
            <param index="1">
              <value>
                <![CDATA["Add New Batch details pop up"]]>
              </value>
            </param>
          </params>
          <reporter-output>
          </reporter-output>
        </test-method> <!-- runScenario -->
        <test-method signature="runScenario(io.cucumber.testng.PickleWrapper,io.cucumber.testng.FeatureWrapper)[pri:0, instance:runner.TestRunner@2bd08376]" started-at="2024-10-29T07:33:11 EDT" name="runScenario" description="Runs Cucumber Scenarios" data-provider="scenarios" finished-at="2024-10-29T07:33:44 EDT" duration-ms="32788" status="PASS">
          <params>
            <param index="0">
              <value>
                <![CDATA["validate close icon on the batch details pop up"]]>
              </value>
            </param>
            <param index="1">
              <value>
                <![CDATA["Add New Batch details pop up"]]>
              </value>
            </param>
          </params>
          <reporter-output>
          </reporter-output>
        </test-method> <!-- runScenario -->
        <test-method is-config="true" signature="tearDownClass()[pri:0, instance:runner.TestRunner@2bd08376]" started-at="2024-10-29T07:33:44 EDT" name="tearDownClass" finished-at="2024-10-29T07:33:44 EDT" duration-ms="604" status="PASS">
          <reporter-output>
          </reporter-output>
        </test-method> <!-- tearDownClass -->
      </class> <!-- runner.TestRunner -->
    </test> <!-- Default test -->
  </suite> <!-- Default suite -->
</testng-results>
