<?xml version="1.0" encoding="UTF-8"?>
<!-- Generated by org.testng.reporters.JUnitReportReporter -->
<testsuite hostname="Dheenathayalans-MacBook-Air.local" failures="0" tests="22" name="runner.TestRunner" time="389.027" errors="1" timestamp="2024-10-29T13:26:37 EDT" skipped="0">
  <testcase classname="runner.TestRunner" name="runScenario" time="14.883"/>
  <system-out/>
  <testcase classname="runner.TestRunner" name="runScenario" time="15.752"/>
  <system-out/>
  <testcase classname="runner.TestRunner" name="runScenario" time="15.145"/>
  <system-out/>
  <testcase classname="runner.TestRunner" name="runScenario" time="16.040"/>
  <system-out/>
  <testcase classname="runner.TestRunner" name="runScenario" time="44.832"/>
  <system-out/>
  <testcase classname="runner.TestRunner" name="runScenario" time="16.383"/>
  <system-out/>
  <testcase classname="runner.TestRunner" name="runScenario" time="19.537"/>
  <system-out/>
  <testcase classname="runner.TestRunner" name="runScenario" time="16.207"/>
  <system-out/>
  <testcase classname="runner.TestRunner" name="runScenario" time="19.867"/>
  <system-out/>
  <testcase classname="runner.TestRunner" name="runScenario" time="14.939"/>
  <system-out/>
  <testcase classname="runner.TestRunner" name="runScenario" time="16.382"/>
  <system-out/>
  <testcase classname="runner.TestRunner" name="runScenario" time="15.033"/>
  <system-out/>
  <testcase classname="runner.TestRunner" name="runScenario" time="15.093"/>
  <system-out/>
  <testcase classname="runner.TestRunner" name="runScenario" time="15.635"/>
  <system-out/>
  <testcase classname="runner.TestRunner" name="runScenario" time="19.858"/>
  <system-out/>
  <testcase classname="runner.TestRunner" name="runScenario" time="15.370"/>
  <system-out/>
  <testcase classname="runner.TestRunner" name="runScenario" time="9.561"/>
  <system-out/>
  <testcase classname="runner.TestRunner" name="runScenario" time="20.694"/>
  <system-out/>
  <testcase classname="runner.TestRunner" name="runScenario" time="16.674"/>
  <system-out/>
  <testcase classname="runner.TestRunner" name="runScenario" time="21.468">
    <error message="no such element: Unable to locate element: {&quot;method&quot;:&quot;xpath&quot;,&quot;selector&quot;:&quot;//mat-error[@id=&#039;errormessage&#039;]&quot;}
  (Session info: chrome=130.0.6723.70)
For documentation on this error, please visit: https://www.selenium.dev/documentation/webdriver/troubleshooting/errors#no-such-element-exception
Build info: version: &#039;4.25.0&#039;, revision: &#039;8a8aea2337&#039;
System info: os.name: &#039;Mac OS X&#039;, os.arch: &#039;x86_64&#039;, os.version: &#039;15.0.1&#039;, java.version: &#039;17.0.9&#039;
Driver info: org.openqa.selenium.chrome.ChromeDriver
Command: [7198de8c3b867762f7af4395e0f88eb9, findElement {value=//mat-error[@id=&#039;errormessage&#039;], using=xpath}]
Capabilities {acceptInsecureCerts: false, browserName: chrome, browserVersion: 130.0.6723.70, chrome: {chromedriverVersion: 130.0.6723.69 (3ec172b971b9..., userDataDir: /var/folders/14/9snw41b17dg...}, fedcm:accounts: true, goog:chromeOptions: {debuggerAddress: localhost:64033}, networkConnectionEnabled: false, pageLoadStrategy: normal, platformName: mac, proxy: Proxy(), se:cdp: ws://localhost:64033/devtoo..., se:cdpVersion: 130.0.6723.70, setWindowRect: true, strictFileInteractability: false, timeouts: {implicit: 0, pageLoad: 300000, script: 30000}, unhandledPromptBehavior: dismiss and notify, webauthn:extension:credBlob: true, webauthn:extension:largeBlob: true, webauthn:extension:minPinLength: true, webauthn:extension:prf: true, webauthn:virtualAuthenticators: true}
Session ID: 7198de8c3b867762f7af4395e0f88eb9" type="org.openqa.selenium.NoSuchElementException">
      <![CDATA[org.openqa.selenium.NoSuchElementException: no such element: Unable to locate element: {"method":"xpath","selector":"//mat-error[@id='errormessage']"}
  (Session info: chrome=130.0.6723.70)
For documentation on this error, please visit: https://www.selenium.dev/documentation/webdriver/troubleshooting/errors#no-such-element-exception
Build info: version: '4.25.0', revision: '8a8aea2337'
System info: os.name: 'Mac OS X', os.arch: 'x86_64', os.version: '15.0.1', java.version: '17.0.9'
Driver info: org.openqa.selenium.chrome.ChromeDriver
Command: [7198de8c3b867762f7af4395e0f88eb9, findElement {value=//mat-error[@id='errormessage'], using=xpath}]
Capabilities {acceptInsecureCerts: false, browserName: chrome, browserVersion: 130.0.6723.70, chrome: {chromedriverVersion: 130.0.6723.69 (3ec172b971b9..., userDataDir: /var/folders/14/9snw41b17dg...}, fedcm:accounts: true, goog:chromeOptions: {debuggerAddress: localhost:64033}, networkConnectionEnabled: false, pageLoadStrategy: normal, platformName: mac, proxy: Proxy(), se:cdp: ws://localhost:64033/devtoo..., se:cdpVersion: 130.0.6723.70, setWindowRect: true, strictFileInteractability: false, timeouts: {implicit: 0, pageLoad: 300000, script: 30000}, unhandledPromptBehavior: dismiss and notify, webauthn:extension:credBlob: true, webauthn:extension:largeBlob: true, webauthn:extension:minPinLength: true, webauthn:extension:prf: true, webauthn:virtualAuthenticators: true}
Session ID: 7198de8c3b867762f7af4395e0f88eb9
at java.base/jdk.internal.reflect.NativeConstructorAccessorImpl.newInstance0(Native Method)
at java.base/jdk.internal.reflect.NativeConstructorAccessorImpl.newInstance(NativeConstructorAccessorImpl.java:77)
at java.base/jdk.internal.reflect.DelegatingConstructorAccessorImpl.newInstance(DelegatingConstructorAccessorImpl.java:45)
at java.base/java.lang.reflect.Constructor.newInstanceWithCaller(Constructor.java:499)
at java.base/java.lang.reflect.Constructor.newInstance(Constructor.java:480)
at org.openqa.selenium.remote.ErrorCodec.decode(ErrorCodec.java:167)
at org.openqa.selenium.remote.codec.w3c.W3CHttpResponseCodec.decode(W3CHttpResponseCodec.java:138)
at org.openqa.selenium.remote.codec.w3c.W3CHttpResponseCodec.decode(W3CHttpResponseCodec.java:50)
at org.openqa.selenium.remote.HttpCommandExecutor.execute(HttpCommandExecutor.java:190)
at org.openqa.selenium.remote.service.DriverCommandExecutor.invokeExecute(DriverCommandExecutor.java:216)
at org.openqa.selenium.remote.service.DriverCommandExecutor.execute(DriverCommandExecutor.java:174)
at org.openqa.selenium.remote.RemoteWebDriver.execute(RemoteWebDriver.java:545)
at org.openqa.selenium.remote.ElementLocation$ElementFinder$2.findElement(ElementLocation.java:165)
at org.openqa.selenium.remote.ElementLocation.findElement(ElementLocation.java:59)
at org.openqa.selenium.remote.RemoteWebDriver.findElement(RemoteWebDriver.java:368)
at org.openqa.selenium.remote.RemoteWebDriver.findElement(RemoteWebDriver.java:362)
at org.openqa.selenium.support.pagefactory.DefaultElementLocator.findElement(DefaultElementLocator.java:68)
at org.openqa.selenium.support.pagefactory.internal.LocatingElementHandler.invoke(LocatingElementHandler.java:38)
at jdk.proxy2/jdk.proxy2.$Proxy41.getText(Unknown Source)
at pageObjects.LoginPage.getErrorMessage(LoginPage.java:93)
at stepDefinitions.LoginSteps.error_message_invalid_username_and_password(LoginSteps.java:189)
at ✽.Error message invalid username and password(file:///Users/mathumathibalakrishnan/git/Team13_SeleniumPathfinders/src/test/resources/features/LoginPage.feature:119)
]]>
    </error>
  </testcase> <!-- runScenario -->
  <system-out/>
  <testcase classname="runner.TestRunner" name="runScenario" time="15.103"/>
  <system-out/>
  <testcase classname="runner.TestRunner" name="runScenario" time="14.571"/>
  <system-out/>
</testsuite> <!-- runner.TestRunner -->
