{"uid":"133eba42b5539e45","name":"Runs Cucumber Scenarios","fullName":"io.cucumber.testng.AbstractTestNGCucumberTests.runScenario","historyId":"cee17be015f53988e19bf5b37706251d","time":{"start":1730132087435,"stop":1730132121560,"duration":34125},"status":"broken","statusMessage":"element click intercepted: Element <div ng-reflect-ng-class=\"[object Object]\" class=\"p-radiobutton-box\">...</div> is not clickable at point (672, 410). Other element would receive the click: <div class=\"cdk-overlay-backdrop cdk-overlay-transparent-backdrop\"></div>\n  (Session info: chrome=130.0.6723.70)\nBuild info: version: '4.25.0', revision: '8a8aea2337'\nSystem info: os.name: 'Mac OS X', os.arch: 'x86_64', os.version: '15.0.1', java.version: '17.0.9'\nDriver info: org.openqa.selenium.chrome.ChromeDriver\nCommand: [16bef66236d6fee136b7fd730c6d93fb, clickElement {id=f.EF9760720BE99DDD59FCC67345264E8C.d.00CD33CBABE0256070654E055DDE86E8.e.39}]\nCapabilities {acceptInsecureCerts: false, browserName: chrome, browserVersion: 130.0.6723.70, chrome: {chromedriverVersion: 130.0.6723.69 (3ec172b971b9..., userDataDir: /var/folders/14/9snw41b17dg...}, fedcm:accounts: true, goog:chromeOptions: {debuggerAddress: localhost:54943}, networkConnectionEnabled: false, pageLoadStrategy: normal, platformName: mac, proxy: Proxy(), se:cdp: ws://localhost:54943/devtoo..., se:cdpVersion: 130.0.6723.70, setWindowRect: true, strictFileInteractability: false, timeouts: {implicit: 0, pageLoad: 300000, script: 30000}, unhandledPromptBehavior: dismiss and notify, webauthn:extension:credBlob: true, webauthn:extension:largeBlob: true, webauthn:extension:minPinLength: true, webauthn:extension:prf: true, webauthn:virtualAuthenticators: true}\nElement: [[ChromeDriver: chrome on mac (16bef66236d6fee136b7fd730c6d93fb)] -> xpath: //p-radiobutton[@ng-reflect-input-id='ACTIVE']//div[@ng-reflect-ng-class='[object Object]']//div[@ng-reflect-ng-class='[object Object]']]\nSession ID: 16bef66236d6fee136b7fd730c6d93fb","statusTrace":"org.openqa.selenium.ElementClickInterceptedException: element click intercepted: Element <div ng-reflect-ng-class=\"[object Object]\" class=\"p-radiobutton-box\">...</div> is not clickable at point (672, 410). Other element would receive the click: <div class=\"cdk-overlay-backdrop cdk-overlay-transparent-backdrop\"></div>\n  (Session info: chrome=130.0.6723.70)\nBuild info: version: '4.25.0', revision: '8a8aea2337'\nSystem info: os.name: 'Mac OS X', os.arch: 'x86_64', os.version: '15.0.1', java.version: '17.0.9'\nDriver info: org.openqa.selenium.chrome.ChromeDriver\nCommand: [16bef66236d6fee136b7fd730c6d93fb, clickElement {id=f.EF9760720BE99DDD59FCC67345264E8C.d.00CD33CBABE0256070654E055DDE86E8.e.39}]\nCapabilities {acceptInsecureCerts: false, browserName: chrome, browserVersion: 130.0.6723.70, chrome: {chromedriverVersion: 130.0.6723.69 (3ec172b971b9..., userDataDir: /var/folders/14/9snw41b17dg...}, fedcm:accounts: true, goog:chromeOptions: {debuggerAddress: localhost:54943}, networkConnectionEnabled: false, pageLoadStrategy: normal, platformName: mac, proxy: Proxy(), se:cdp: ws://localhost:54943/devtoo..., se:cdpVersion: 130.0.6723.70, setWindowRect: true, strictFileInteractability: false, timeouts: {implicit: 0, pageLoad: 300000, script: 30000}, unhandledPromptBehavior: dismiss and notify, webauthn:extension:credBlob: true, webauthn:extension:largeBlob: true, webauthn:extension:minPinLength: true, webauthn:extension:prf: true, webauthn:virtualAuthenticators: true}\nElement: [[ChromeDriver: chrome on mac (16bef66236d6fee136b7fd730c6d93fb)] -> xpath: //p-radiobutton[@ng-reflect-input-id='ACTIVE']//div[@ng-reflect-ng-class='[object Object]']//div[@ng-reflect-ng-class='[object Object]']]\nSession ID: 16bef66236d6fee136b7fd730c6d93fb\n\tat java.base/jdk.internal.reflect.NativeConstructorAccessorImpl.newInstance0(Native Method)\n\tat java.base/jdk.internal.reflect.NativeConstructorAccessorImpl.newInstance(NativeConstructorAccessorImpl.java:77)\n\tat java.base/jdk.internal.reflect.DelegatingConstructorAccessorImpl.newInstance(DelegatingConstructorAccessorImpl.java:45)\n\tat java.base/java.lang.reflect.Constructor.newInstanceWithCaller(Constructor.java:499)\n\tat java.base/java.lang.reflect.Constructor.newInstance(Constructor.java:480)\n\tat org.openqa.selenium.remote.ErrorCodec.decode(ErrorCodec.java:167)\n\tat org.openqa.selenium.remote.codec.w3c.W3CHttpResponseCodec.decode(W3CHttpResponseCodec.java:138)\n\tat org.openqa.selenium.remote.codec.w3c.W3CHttpResponseCodec.decode(W3CHttpResponseCodec.java:50)\n\tat org.openqa.selenium.remote.HttpCommandExecutor.execute(HttpCommandExecutor.java:190)\n\tat org.openqa.selenium.remote.service.DriverCommandExecutor.invokeExecute(DriverCommandExecutor.java:216)\n\tat org.openqa.selenium.remote.service.DriverCommandExecutor.execute(DriverCommandExecutor.java:174)\n\tat org.openqa.selenium.remote.RemoteWebDriver.execute(RemoteWebDriver.java:545)\n\tat org.openqa.selenium.remote.RemoteWebElement.execute(RemoteWebElement.java:223)\n\tat org.openqa.selenium.remote.RemoteWebElement.click(RemoteWebElement.java:76)\n\tat jdk.internal.reflect.GeneratedMethodAccessor87.invoke(Unknown Source)\n\tat java.base/jdk.internal.reflect.DelegatingMethodAccessorImpl.invoke(DelegatingMethodAccessorImpl.java:43)\n\tat java.base/java.lang.reflect.Method.invoke(Method.java:568)\n\tat org.openqa.selenium.support.pagefactory.internal.LocatingElementHandler.invoke(LocatingElementHandler.java:51)\n\tat jdk.proxy2/jdk.proxy2.$Proxy41.click(Unknown Source)\n\tat pageObjects.BatchDetailsPage.getActiveStatusRadioButton(BatchDetailsPage.java:140)\n\tat pageObjects.BatchDetailsPage.editMandatoryDetails(BatchDetailsPage.java:294)\n\tat stepDefinitions.Batch_Edit_batch_validation.admin_enters_the_valid_data_to_all_the_mandatory_fields_and_click_cancel_button(Batch_Edit_batch_validation.java:61)\n\tat ✽.Admin enters the valid data to all the mandatory fields and click cancel button(file:///Users/mathumathibalakrishnan/git/Team13_SeleniumPathfinders/src/test/resources/features/TC04_06_Edit_batch_validationNC.feature:17)\n","flaky":false,"newFailed":false,"newBroken":false,"newPassed":false,"retriesCount":0,"retriesStatusChange":false,"beforeStages":[],"testStage":{"status":"broken","statusMessage":"element click intercepted: Element <div ng-reflect-ng-class=\"[object Object]\" class=\"p-radiobutton-box\">...</div> is not clickable at point (672, 410). Other element would receive the click: <div class=\"cdk-overlay-backdrop cdk-overlay-transparent-backdrop\"></div>\n  (Session info: chrome=130.0.6723.70)\nBuild info: version: '4.25.0', revision: '8a8aea2337'\nSystem info: os.name: 'Mac OS X', os.arch: 'x86_64', os.version: '15.0.1', java.version: '17.0.9'\nDriver info: org.openqa.selenium.chrome.ChromeDriver\nCommand: [16bef66236d6fee136b7fd730c6d93fb, clickElement {id=f.EF9760720BE99DDD59FCC67345264E8C.d.00CD33CBABE0256070654E055DDE86E8.e.39}]\nCapabilities {acceptInsecureCerts: false, browserName: chrome, browserVersion: 130.0.6723.70, chrome: {chromedriverVersion: 130.0.6723.69 (3ec172b971b9..., userDataDir: /var/folders/14/9snw41b17dg...}, fedcm:accounts: true, goog:chromeOptions: {debuggerAddress: localhost:54943}, networkConnectionEnabled: false, pageLoadStrategy: normal, platformName: mac, proxy: Proxy(), se:cdp: ws://localhost:54943/devtoo..., se:cdpVersion: 130.0.6723.70, setWindowRect: true, strictFileInteractability: false, timeouts: {implicit: 0, pageLoad: 300000, script: 30000}, unhandledPromptBehavior: dismiss and notify, webauthn:extension:credBlob: true, webauthn:extension:largeBlob: true, webauthn:extension:minPinLength: true, webauthn:extension:prf: true, webauthn:virtualAuthenticators: true}\nElement: [[ChromeDriver: chrome on mac (16bef66236d6fee136b7fd730c6d93fb)] -> xpath: //p-radiobutton[@ng-reflect-input-id='ACTIVE']//div[@ng-reflect-ng-class='[object Object]']//div[@ng-reflect-ng-class='[object Object]']]\nSession ID: 16bef66236d6fee136b7fd730c6d93fb","statusTrace":"org.openqa.selenium.ElementClickInterceptedException: element click intercepted: Element <div ng-reflect-ng-class=\"[object Object]\" class=\"p-radiobutton-box\">...</div> is not clickable at point (672, 410). Other element would receive the click: <div class=\"cdk-overlay-backdrop cdk-overlay-transparent-backdrop\"></div>\n  (Session info: chrome=130.0.6723.70)\nBuild info: version: '4.25.0', revision: '8a8aea2337'\nSystem info: os.name: 'Mac OS X', os.arch: 'x86_64', os.version: '15.0.1', java.version: '17.0.9'\nDriver info: org.openqa.selenium.chrome.ChromeDriver\nCommand: [16bef66236d6fee136b7fd730c6d93fb, clickElement {id=f.EF9760720BE99DDD59FCC67345264E8C.d.00CD33CBABE0256070654E055DDE86E8.e.39}]\nCapabilities {acceptInsecureCerts: false, browserName: chrome, browserVersion: 130.0.6723.70, chrome: {chromedriverVersion: 130.0.6723.69 (3ec172b971b9..., userDataDir: /var/folders/14/9snw41b17dg...}, fedcm:accounts: true, goog:chromeOptions: {debuggerAddress: localhost:54943}, networkConnectionEnabled: false, pageLoadStrategy: normal, platformName: mac, proxy: Proxy(), se:cdp: ws://localhost:54943/devtoo..., se:cdpVersion: 130.0.6723.70, setWindowRect: true, strictFileInteractability: false, timeouts: {implicit: 0, pageLoad: 300000, script: 30000}, unhandledPromptBehavior: dismiss and notify, webauthn:extension:credBlob: true, webauthn:extension:largeBlob: true, webauthn:extension:minPinLength: true, webauthn:extension:prf: true, webauthn:virtualAuthenticators: true}\nElement: [[ChromeDriver: chrome on mac (16bef66236d6fee136b7fd730c6d93fb)] -> xpath: //p-radiobutton[@ng-reflect-input-id='ACTIVE']//div[@ng-reflect-ng-class='[object Object]']//div[@ng-reflect-ng-class='[object Object]']]\nSession ID: 16bef66236d6fee136b7fd730c6d93fb\n\tat java.base/jdk.internal.reflect.NativeConstructorAccessorImpl.newInstance0(Native Method)\n\tat java.base/jdk.internal.reflect.NativeConstructorAccessorImpl.newInstance(NativeConstructorAccessorImpl.java:77)\n\tat java.base/jdk.internal.reflect.DelegatingConstructorAccessorImpl.newInstance(DelegatingConstructorAccessorImpl.java:45)\n\tat java.base/java.lang.reflect.Constructor.newInstanceWithCaller(Constructor.java:499)\n\tat java.base/java.lang.reflect.Constructor.newInstance(Constructor.java:480)\n\tat org.openqa.selenium.remote.ErrorCodec.decode(ErrorCodec.java:167)\n\tat org.openqa.selenium.remote.codec.w3c.W3CHttpResponseCodec.decode(W3CHttpResponseCodec.java:138)\n\tat org.openqa.selenium.remote.codec.w3c.W3CHttpResponseCodec.decode(W3CHttpResponseCodec.java:50)\n\tat org.openqa.selenium.remote.HttpCommandExecutor.execute(HttpCommandExecutor.java:190)\n\tat org.openqa.selenium.remote.service.DriverCommandExecutor.invokeExecute(DriverCommandExecutor.java:216)\n\tat org.openqa.selenium.remote.service.DriverCommandExecutor.execute(DriverCommandExecutor.java:174)\n\tat org.openqa.selenium.remote.RemoteWebDriver.execute(RemoteWebDriver.java:545)\n\tat org.openqa.selenium.remote.RemoteWebElement.execute(RemoteWebElement.java:223)\n\tat org.openqa.selenium.remote.RemoteWebElement.click(RemoteWebElement.java:76)\n\tat jdk.internal.reflect.GeneratedMethodAccessor87.invoke(Unknown Source)\n\tat java.base/jdk.internal.reflect.DelegatingMethodAccessorImpl.invoke(DelegatingMethodAccessorImpl.java:43)\n\tat java.base/java.lang.reflect.Method.invoke(Method.java:568)\n\tat org.openqa.selenium.support.pagefactory.internal.LocatingElementHandler.invoke(LocatingElementHandler.java:51)\n\tat jdk.proxy2/jdk.proxy2.$Proxy41.click(Unknown Source)\n\tat pageObjects.BatchDetailsPage.getActiveStatusRadioButton(BatchDetailsPage.java:140)\n\tat pageObjects.BatchDetailsPage.editMandatoryDetails(BatchDetailsPage.java:294)\n\tat stepDefinitions.Batch_Edit_batch_validation.admin_enters_the_valid_data_to_all_the_mandatory_fields_and_click_cancel_button(Batch_Edit_batch_validation.java:61)\n\tat ✽.Admin enters the valid data to all the mandatory fields and click cancel button(file:///Users/mathumathibalakrishnan/git/Team13_SeleniumPathfinders/src/test/resources/features/TC04_06_Edit_batch_validationNC.feature:17)\n","steps":[],"attachments":[{"uid":"1bfb3033b8b33376","name":"failed scenario screenshot","source":"1bfb3033b8b33376.png","type":"image/png","size":207071}],"parameters":[],"stepsCount":0,"hasContent":true,"shouldDisplayMessage":true,"attachmentsCount":1,"attachmentStep":false},"afterStages":[],"labels":[{"name":"package","value":"runner.TestRunner"},{"name":"testClass","value":"runner.TestRunner"},{"name":"testMethod","value":"runScenario"},{"name":"parentSuite","value":"Default suite"},{"name":"suite","value":"Default test"},{"name":"subSuite","value":"runner.TestRunner"},{"name":"host","value":"Dheenathayalans-MacBook-Air.local"},{"name":"thread","value":"4056@Dheenathayalans-MacBook-Air.local.main(1)"},{"name":"framework","value":"testng"},{"name":"language","value":"java"},{"name":"resultFormat","value":"allure2"}],"parameters":[{"name":"arg0","value":"\"validate cancel button in Batch details pop up\""},{"name":"arg1","value":"\"Edit batch validation\""}],"links":[],"hidden":true,"retry":true,"extra":{"categories":[],"tags":[]},"source":"133eba42b5539e45.json","parameterValues":["\"validate cancel button in Batch details pop up\"","\"Edit batch validation\""]}