{"uid":"9e1d911a4ddad751","name":"Runs Cucumber Scenarios","fullName":"io.cucumber.testng.AbstractTestNGCucumberTests.runScenario","historyId":"3bcce5d4d12f24f9f5555484a64c14fb","time":{"start":1729882004468,"stop":1729882028363,"duration":23895},"status":"broken","statusMessage":"no such element: Unable to locate element: {\"method\":\"xpath\",\"selector\":\"//span[normalize-space()='Batch']\"}\n  (Session info: chrome=130.0.6723.70)\nFor documentation on this error, please visit: https://www.selenium.dev/documentation/webdriver/troubleshooting/errors#no-such-element-exception\nBuild info: version: '4.25.0', revision: '8a8aea2337'\nSystem info: os.name: 'Mac OS X', os.arch: 'x86_64', os.version: '15.0.1', java.version: '17.0.9'\nDriver info: org.openqa.selenium.chrome.ChromeDriver\nCommand: [3ebd250b8fdfbb3dbb1799d88722974a, findElement {using=xpath, value=//span[normalize-space()='Batch']}]\nCapabilities {acceptInsecureCerts: false, browserName: chrome, browserVersion: 130.0.6723.70, chrome: {chromedriverVersion: 130.0.6723.69 (3ec172b971b9..., userDataDir: /var/folders/14/9snw41b17dg...}, fedcm:accounts: true, goog:chromeOptions: {debuggerAddress: localhost:55277}, networkConnectionEnabled: false, pageLoadStrategy: normal, platformName: mac, proxy: Proxy(), se:cdp: ws://localhost:55277/devtoo..., se:cdpVersion: 130.0.6723.70, setWindowRect: true, strictFileInteractability: false, timeouts: {implicit: 0, pageLoad: 300000, script: 30000}, unhandledPromptBehavior: dismiss and notify, webauthn:extension:credBlob: true, webauthn:extension:largeBlob: true, webauthn:extension:minPinLength: true, webauthn:extension:prf: true, webauthn:virtualAuthenticators: true}\nSession ID: 3ebd250b8fdfbb3dbb1799d88722974a","statusTrace":"org.openqa.selenium.NoSuchElementException: no such element: Unable to locate element: {\"method\":\"xpath\",\"selector\":\"//span[normalize-space()='Batch']\"}\n  (Session info: chrome=130.0.6723.70)\nFor documentation on this error, please visit: https://www.selenium.dev/documentation/webdriver/troubleshooting/errors#no-such-element-exception\nBuild info: version: '4.25.0', revision: '8a8aea2337'\nSystem info: os.name: 'Mac OS X', os.arch: 'x86_64', os.version: '15.0.1', java.version: '17.0.9'\nDriver info: org.openqa.selenium.chrome.ChromeDriver\nCommand: [3ebd250b8fdfbb3dbb1799d88722974a, findElement {using=xpath, value=//span[normalize-space()='Batch']}]\nCapabilities {acceptInsecureCerts: false, browserName: chrome, browserVersion: 130.0.6723.70, chrome: {chromedriverVersion: 130.0.6723.69 (3ec172b971b9..., userDataDir: /var/folders/14/9snw41b17dg...}, fedcm:accounts: true, goog:chromeOptions: {debuggerAddress: localhost:55277}, networkConnectionEnabled: false, pageLoadStrategy: normal, platformName: mac, proxy: Proxy(), se:cdp: ws://localhost:55277/devtoo..., se:cdpVersion: 130.0.6723.70, setWindowRect: true, strictFileInteractability: false, timeouts: {implicit: 0, pageLoad: 300000, script: 30000}, unhandledPromptBehavior: dismiss and notify, webauthn:extension:credBlob: true, webauthn:extension:largeBlob: true, webauthn:extension:minPinLength: true, webauthn:extension:prf: true, webauthn:virtualAuthenticators: true}\nSession ID: 3ebd250b8fdfbb3dbb1799d88722974a\n\tat java.base/jdk.internal.reflect.NativeConstructorAccessorImpl.newInstance0(Native Method)\n\tat java.base/jdk.internal.reflect.NativeConstructorAccessorImpl.newInstance(NativeConstructorAccessorImpl.java:77)\n\tat java.base/jdk.internal.reflect.DelegatingConstructorAccessorImpl.newInstance(DelegatingConstructorAccessorImpl.java:45)\n\tat java.base/java.lang.reflect.Constructor.newInstanceWithCaller(Constructor.java:499)\n\tat java.base/java.lang.reflect.Constructor.newInstance(Constructor.java:480)\n\tat org.openqa.selenium.remote.ErrorCodec.decode(ErrorCodec.java:167)\n\tat org.openqa.selenium.remote.codec.w3c.W3CHttpResponseCodec.decode(W3CHttpResponseCodec.java:138)\n\tat org.openqa.selenium.remote.codec.w3c.W3CHttpResponseCodec.decode(W3CHttpResponseCodec.java:50)\n\tat org.openqa.selenium.remote.HttpCommandExecutor.execute(HttpCommandExecutor.java:190)\n\tat org.openqa.selenium.remote.service.DriverCommandExecutor.invokeExecute(DriverCommandExecutor.java:216)\n\tat org.openqa.selenium.remote.service.DriverCommandExecutor.execute(DriverCommandExecutor.java:174)\n\tat org.openqa.selenium.remote.RemoteWebDriver.execute(RemoteWebDriver.java:545)\n\tat org.openqa.selenium.remote.ElementLocation$ElementFinder$2.findElement(ElementLocation.java:165)\n\tat org.openqa.selenium.remote.ElementLocation.findElement(ElementLocation.java:59)\n\tat org.openqa.selenium.remote.RemoteWebDriver.findElement(RemoteWebDriver.java:368)\n\tat org.openqa.selenium.remote.RemoteWebDriver.findElement(RemoteWebDriver.java:362)\n\tat org.openqa.selenium.support.pagefactory.DefaultElementLocator.findElement(DefaultElementLocator.java:68)\n\tat org.openqa.selenium.support.pagefactory.internal.LocatingElementHandler.invoke(LocatingElementHandler.java:38)\n\tat jdk.proxy2/jdk.proxy2.$Proxy28.click(Unknown Source)\n\tat pageObjects.DashboardPage.clickBatchLink(DashboardPage.java:46)\n\tat stepDefinitions.Batch_BatchPageValidationSteps.admin_clicks_on_the_batch_menu_from_header(Batch_BatchPageValidationSteps.java:44)\n\tat ✽.Admin Clicks on the Batch menu from header(file:///Users/mathumathibalakrishnan/git/Team13_SeleniumPathfinders/src/test/resources/features/TC04_02_Batch_Page_Validation.feature:29)\n","flaky":false,"newFailed":false,"newBroken":false,"newPassed":false,"retriesCount":0,"retriesStatusChange":false,"beforeStages":[{"name":"setUpClass","time":{"start":1729881515940,"stop":1729881516903,"duration":963},"description":"","status":"passed","steps":[],"attachments":[],"parameters":[],"stepsCount":0,"hasContent":false,"shouldDisplayMessage":false,"attachmentsCount":0,"attachmentStep":false}],"testStage":{"status":"broken","statusMessage":"no such element: Unable to locate element: {\"method\":\"xpath\",\"selector\":\"//span[normalize-space()='Batch']\"}\n  (Session info: chrome=130.0.6723.70)\nFor documentation on this error, please visit: https://www.selenium.dev/documentation/webdriver/troubleshooting/errors#no-such-element-exception\nBuild info: version: '4.25.0', revision: '8a8aea2337'\nSystem info: os.name: 'Mac OS X', os.arch: 'x86_64', os.version: '15.0.1', java.version: '17.0.9'\nDriver info: org.openqa.selenium.chrome.ChromeDriver\nCommand: [3ebd250b8fdfbb3dbb1799d88722974a, findElement {using=xpath, value=//span[normalize-space()='Batch']}]\nCapabilities {acceptInsecureCerts: false, browserName: chrome, browserVersion: 130.0.6723.70, chrome: {chromedriverVersion: 130.0.6723.69 (3ec172b971b9..., userDataDir: /var/folders/14/9snw41b17dg...}, fedcm:accounts: true, goog:chromeOptions: {debuggerAddress: localhost:55277}, networkConnectionEnabled: false, pageLoadStrategy: normal, platformName: mac, proxy: Proxy(), se:cdp: ws://localhost:55277/devtoo..., se:cdpVersion: 130.0.6723.70, setWindowRect: true, strictFileInteractability: false, timeouts: {implicit: 0, pageLoad: 300000, script: 30000}, unhandledPromptBehavior: dismiss and notify, webauthn:extension:credBlob: true, webauthn:extension:largeBlob: true, webauthn:extension:minPinLength: true, webauthn:extension:prf: true, webauthn:virtualAuthenticators: true}\nSession ID: 3ebd250b8fdfbb3dbb1799d88722974a","statusTrace":"org.openqa.selenium.NoSuchElementException: no such element: Unable to locate element: {\"method\":\"xpath\",\"selector\":\"//span[normalize-space()='Batch']\"}\n  (Session info: chrome=130.0.6723.70)\nFor documentation on this error, please visit: https://www.selenium.dev/documentation/webdriver/troubleshooting/errors#no-such-element-exception\nBuild info: version: '4.25.0', revision: '8a8aea2337'\nSystem info: os.name: 'Mac OS X', os.arch: 'x86_64', os.version: '15.0.1', java.version: '17.0.9'\nDriver info: org.openqa.selenium.chrome.ChromeDriver\nCommand: [3ebd250b8fdfbb3dbb1799d88722974a, findElement {using=xpath, value=//span[normalize-space()='Batch']}]\nCapabilities {acceptInsecureCerts: false, browserName: chrome, browserVersion: 130.0.6723.70, chrome: {chromedriverVersion: 130.0.6723.69 (3ec172b971b9..., userDataDir: /var/folders/14/9snw41b17dg...}, fedcm:accounts: true, goog:chromeOptions: {debuggerAddress: localhost:55277}, networkConnectionEnabled: false, pageLoadStrategy: normal, platformName: mac, proxy: Proxy(), se:cdp: ws://localhost:55277/devtoo..., se:cdpVersion: 130.0.6723.70, setWindowRect: true, strictFileInteractability: false, timeouts: {implicit: 0, pageLoad: 300000, script: 30000}, unhandledPromptBehavior: dismiss and notify, webauthn:extension:credBlob: true, webauthn:extension:largeBlob: true, webauthn:extension:minPinLength: true, webauthn:extension:prf: true, webauthn:virtualAuthenticators: true}\nSession ID: 3ebd250b8fdfbb3dbb1799d88722974a\n\tat java.base/jdk.internal.reflect.NativeConstructorAccessorImpl.newInstance0(Native Method)\n\tat java.base/jdk.internal.reflect.NativeConstructorAccessorImpl.newInstance(NativeConstructorAccessorImpl.java:77)\n\tat java.base/jdk.internal.reflect.DelegatingConstructorAccessorImpl.newInstance(DelegatingConstructorAccessorImpl.java:45)\n\tat java.base/java.lang.reflect.Constructor.newInstanceWithCaller(Constructor.java:499)\n\tat java.base/java.lang.reflect.Constructor.newInstance(Constructor.java:480)\n\tat org.openqa.selenium.remote.ErrorCodec.decode(ErrorCodec.java:167)\n\tat org.openqa.selenium.remote.codec.w3c.W3CHttpResponseCodec.decode(W3CHttpResponseCodec.java:138)\n\tat org.openqa.selenium.remote.codec.w3c.W3CHttpResponseCodec.decode(W3CHttpResponseCodec.java:50)\n\tat org.openqa.selenium.remote.HttpCommandExecutor.execute(HttpCommandExecutor.java:190)\n\tat org.openqa.selenium.remote.service.DriverCommandExecutor.invokeExecute(DriverCommandExecutor.java:216)\n\tat org.openqa.selenium.remote.service.DriverCommandExecutor.execute(DriverCommandExecutor.java:174)\n\tat org.openqa.selenium.remote.RemoteWebDriver.execute(RemoteWebDriver.java:545)\n\tat org.openqa.selenium.remote.ElementLocation$ElementFinder$2.findElement(ElementLocation.java:165)\n\tat org.openqa.selenium.remote.ElementLocation.findElement(ElementLocation.java:59)\n\tat org.openqa.selenium.remote.RemoteWebDriver.findElement(RemoteWebDriver.java:368)\n\tat org.openqa.selenium.remote.RemoteWebDriver.findElement(RemoteWebDriver.java:362)\n\tat org.openqa.selenium.support.pagefactory.DefaultElementLocator.findElement(DefaultElementLocator.java:68)\n\tat org.openqa.selenium.support.pagefactory.internal.LocatingElementHandler.invoke(LocatingElementHandler.java:38)\n\tat jdk.proxy2/jdk.proxy2.$Proxy28.click(Unknown Source)\n\tat pageObjects.DashboardPage.clickBatchLink(DashboardPage.java:46)\n\tat stepDefinitions.Batch_BatchPageValidationSteps.admin_clicks_on_the_batch_menu_from_header(Batch_BatchPageValidationSteps.java:44)\n\tat ✽.Admin Clicks on the Batch menu from header(file:///Users/mathumathibalakrishnan/git/Team13_SeleniumPathfinders/src/test/resources/features/TC04_02_Batch_Page_Validation.feature:29)\n","steps":[],"attachments":[{"uid":"35b0eb16decde16c","name":"failed scenario screenshot","source":"35b0eb16decde16c.png","type":"image/png","size":34147}],"parameters":[],"stepsCount":0,"hasContent":true,"shouldDisplayMessage":true,"attachmentsCount":1,"attachmentStep":false},"afterStages":[{"name":"tearDownClass","time":{"start":1729882140102,"stop":1729882140733,"duration":631},"description":"","status":"passed","steps":[],"attachments":[],"parameters":[],"stepsCount":0,"hasContent":false,"shouldDisplayMessage":false,"attachmentsCount":0,"attachmentStep":false}],"labels":[{"name":"package","value":"runner.TestRunner"},{"name":"testClass","value":"runner.TestRunner"},{"name":"testMethod","value":"runScenario"},{"name":"parentSuite","value":"Default suite"},{"name":"suite","value":"Default test"},{"name":"subSuite","value":"runner.TestRunner"},{"name":"host","value":"Dheenathayalans-MacBook-Air.local"},{"name":"thread","value":"49196@Dheenathayalans-MacBook-Air.local.main(1)"},{"name":"framework","value":"testng"},{"name":"language","value":"java"},{"name":"resultFormat","value":"allure2"}],"parameters":[{"name":"arg0","value":"\"Validate edit icon in each data rows\""},{"name":"arg1","value":"\"Batch Page Validation\""}],"links":[],"hidden":true,"retry":true,"extra":{"categories":[],"tags":[]},"source":"9e1d911a4ddad751.json","parameterValues":["\"Validate edit icon in each data rows\"","\"Batch Page Validation\""]}