{"uid":"f36d32932a97f90d","name":"Runs Cucumber Scenarios","fullName":"io.cucumber.testng.AbstractTestNGCucumberTests.runScenario","historyId":"86018127c422fb323ff3b09ab2c2203c","time":{"start":1730145187033,"stop":1730145218385,"duration":31352},"status":"broken","statusMessage":"element click intercepted: Element <button _ngcontent-gxk-c227=\"\" mat-menu-item=\"\" class=\"mat-focus-indicator mat-menu-item ng-tns-c225-3 cdk-focused cdk-mouse-focused\" role=\"menuitem\" tabindex=\"0\" aria-disabled=\"false\">...</button> is not clickable at point (1278, 82). Other element would receive the click: <div id=\"cdk-overlay-0\" class=\"cdk-overlay-pane\" style=\"position: static;\">...</div>\n  (Session info: chrome=130.0.6723.70)\nBuild info: version: '4.25.0', revision: '8a8aea2337'\nSystem info: os.name: 'Mac OS X', os.arch: 'x86_64', os.version: '15.0.1', java.version: '17.0.9'\nDriver info: org.openqa.selenium.chrome.ChromeDriver\nCommand: [a178af338e9ec4205c0f36e17e5541db, clickElement {id=f.85179FA204C8F9927E233E86E99C4FE2.d.89A9DFD714125FF1C725F0F956E6669C.e.11}]\nCapabilities {acceptInsecureCerts: false, browserName: chrome, browserVersion: 130.0.6723.70, chrome: {chromedriverVersion: 130.0.6723.69 (3ec172b971b9..., userDataDir: /var/folders/14/9snw41b17dg...}, fedcm:accounts: true, goog:chromeOptions: {debuggerAddress: localhost:52229}, networkConnectionEnabled: false, pageLoadStrategy: normal, platformName: mac, proxy: Proxy(), se:cdp: ws://localhost:52229/devtoo..., se:cdpVersion: 130.0.6723.70, setWindowRect: true, strictFileInteractability: false, timeouts: {implicit: 0, pageLoad: 300000, script: 30000}, unhandledPromptBehavior: dismiss and notify, webauthn:extension:credBlob: true, webauthn:extension:largeBlob: true, webauthn:extension:minPinLength: true, webauthn:extension:prf: true, webauthn:virtualAuthenticators: true}\nElement: [[ChromeDriver: chrome on mac (a178af338e9ec4205c0f36e17e5541db)] -> xpath: //button[normalize-space()='Add New Batch']]\nSession ID: a178af338e9ec4205c0f36e17e5541db","statusTrace":"org.openqa.selenium.ElementClickInterceptedException: element click intercepted: Element <button _ngcontent-gxk-c227=\"\" mat-menu-item=\"\" class=\"mat-focus-indicator mat-menu-item ng-tns-c225-3 cdk-focused cdk-mouse-focused\" role=\"menuitem\" tabindex=\"0\" aria-disabled=\"false\">...</button> is not clickable at point (1278, 82). Other element would receive the click: <div id=\"cdk-overlay-0\" class=\"cdk-overlay-pane\" style=\"position: static;\">...</div>\n  (Session info: chrome=130.0.6723.70)\nBuild info: version: '4.25.0', revision: '8a8aea2337'\nSystem info: os.name: 'Mac OS X', os.arch: 'x86_64', os.version: '15.0.1', java.version: '17.0.9'\nDriver info: org.openqa.selenium.chrome.ChromeDriver\nCommand: [a178af338e9ec4205c0f36e17e5541db, clickElement {id=f.85179FA204C8F9927E233E86E99C4FE2.d.89A9DFD714125FF1C725F0F956E6669C.e.11}]\nCapabilities {acceptInsecureCerts: false, browserName: chrome, browserVersion: 130.0.6723.70, chrome: {chromedriverVersion: 130.0.6723.69 (3ec172b971b9..., userDataDir: /var/folders/14/9snw41b17dg...}, fedcm:accounts: true, goog:chromeOptions: {debuggerAddress: localhost:52229}, networkConnectionEnabled: false, pageLoadStrategy: normal, platformName: mac, proxy: Proxy(), se:cdp: ws://localhost:52229/devtoo..., se:cdpVersion: 130.0.6723.70, setWindowRect: true, strictFileInteractability: false, timeouts: {implicit: 0, pageLoad: 300000, script: 30000}, unhandledPromptBehavior: dismiss and notify, webauthn:extension:credBlob: true, webauthn:extension:largeBlob: true, webauthn:extension:minPinLength: true, webauthn:extension:prf: true, webauthn:virtualAuthenticators: true}\nElement: [[ChromeDriver: chrome on mac (a178af338e9ec4205c0f36e17e5541db)] -> xpath: //button[normalize-space()='Add New Batch']]\nSession ID: a178af338e9ec4205c0f36e17e5541db\n\tat java.base/jdk.internal.reflect.NativeConstructorAccessorImpl.newInstance0(Native Method)\n\tat java.base/jdk.internal.reflect.NativeConstructorAccessorImpl.newInstance(NativeConstructorAccessorImpl.java:77)\n\tat java.base/jdk.internal.reflect.DelegatingConstructorAccessorImpl.newInstance(DelegatingConstructorAccessorImpl.java:45)\n\tat java.base/java.lang.reflect.Constructor.newInstanceWithCaller(Constructor.java:499)\n\tat java.base/java.lang.reflect.Constructor.newInstance(Constructor.java:480)\n\tat org.openqa.selenium.remote.ErrorCodec.decode(ErrorCodec.java:167)\n\tat org.openqa.selenium.remote.codec.w3c.W3CHttpResponseCodec.decode(W3CHttpResponseCodec.java:138)\n\tat org.openqa.selenium.remote.codec.w3c.W3CHttpResponseCodec.decode(W3CHttpResponseCodec.java:50)\n\tat org.openqa.selenium.remote.HttpCommandExecutor.execute(HttpCommandExecutor.java:190)\n\tat org.openqa.selenium.remote.service.DriverCommandExecutor.invokeExecute(DriverCommandExecutor.java:216)\n\tat org.openqa.selenium.remote.service.DriverCommandExecutor.execute(DriverCommandExecutor.java:174)\n\tat org.openqa.selenium.remote.RemoteWebDriver.execute(RemoteWebDriver.java:545)\n\tat org.openqa.selenium.remote.RemoteWebElement.execute(RemoteWebElement.java:223)\n\tat org.openqa.selenium.remote.RemoteWebElement.click(RemoteWebElement.java:76)\n\tat jdk.internal.reflect.GeneratedMethodAccessor78.invoke(Unknown Source)\n\tat java.base/jdk.internal.reflect.DelegatingMethodAccessorImpl.invoke(DelegatingMethodAccessorImpl.java:43)\n\tat java.base/java.lang.reflect.Method.invoke(Method.java:568)\n\tat org.openqa.selenium.support.pagefactory.internal.LocatingElementHandler.invoke(LocatingElementHandler.java:51)\n\tat jdk.proxy2/jdk.proxy2.$Proxy41.click(Unknown Source)\n\tat pageObjects.DashboardPage.clickAddBatchLink(DashboardPage.java:58)\n\tat stepDefinitions.Batch_AddNewBatch.admin_clicks_on_under_the_menu_bar(Batch_AddNewBatch.java:42)\n\tat ✽.Admin clicks on \"Add New batch\" under the \"batch\" menu bar(file:///Users/mathumathibalakrishnan/git/Team13_SeleniumPathfinders/src/test/resources/features/TC04_03_Add_New_Batch.feature:13)\n","flaky":false,"newFailed":false,"newBroken":false,"newPassed":false,"retriesCount":0,"retriesStatusChange":false,"beforeStages":[],"testStage":{"status":"broken","statusMessage":"element click intercepted: Element <button _ngcontent-gxk-c227=\"\" mat-menu-item=\"\" class=\"mat-focus-indicator mat-menu-item ng-tns-c225-3 cdk-focused cdk-mouse-focused\" role=\"menuitem\" tabindex=\"0\" aria-disabled=\"false\">...</button> is not clickable at point (1278, 82). Other element would receive the click: <div id=\"cdk-overlay-0\" class=\"cdk-overlay-pane\" style=\"position: static;\">...</div>\n  (Session info: chrome=130.0.6723.70)\nBuild info: version: '4.25.0', revision: '8a8aea2337'\nSystem info: os.name: 'Mac OS X', os.arch: 'x86_64', os.version: '15.0.1', java.version: '17.0.9'\nDriver info: org.openqa.selenium.chrome.ChromeDriver\nCommand: [a178af338e9ec4205c0f36e17e5541db, clickElement {id=f.85179FA204C8F9927E233E86E99C4FE2.d.89A9DFD714125FF1C725F0F956E6669C.e.11}]\nCapabilities {acceptInsecureCerts: false, browserName: chrome, browserVersion: 130.0.6723.70, chrome: {chromedriverVersion: 130.0.6723.69 (3ec172b971b9..., userDataDir: /var/folders/14/9snw41b17dg...}, fedcm:accounts: true, goog:chromeOptions: {debuggerAddress: localhost:52229}, networkConnectionEnabled: false, pageLoadStrategy: normal, platformName: mac, proxy: Proxy(), se:cdp: ws://localhost:52229/devtoo..., se:cdpVersion: 130.0.6723.70, setWindowRect: true, strictFileInteractability: false, timeouts: {implicit: 0, pageLoad: 300000, script: 30000}, unhandledPromptBehavior: dismiss and notify, webauthn:extension:credBlob: true, webauthn:extension:largeBlob: true, webauthn:extension:minPinLength: true, webauthn:extension:prf: true, webauthn:virtualAuthenticators: true}\nElement: [[ChromeDriver: chrome on mac (a178af338e9ec4205c0f36e17e5541db)] -> xpath: //button[normalize-space()='Add New Batch']]\nSession ID: a178af338e9ec4205c0f36e17e5541db","statusTrace":"org.openqa.selenium.ElementClickInterceptedException: element click intercepted: Element <button _ngcontent-gxk-c227=\"\" mat-menu-item=\"\" class=\"mat-focus-indicator mat-menu-item ng-tns-c225-3 cdk-focused cdk-mouse-focused\" role=\"menuitem\" tabindex=\"0\" aria-disabled=\"false\">...</button> is not clickable at point (1278, 82). Other element would receive the click: <div id=\"cdk-overlay-0\" class=\"cdk-overlay-pane\" style=\"position: static;\">...</div>\n  (Session info: chrome=130.0.6723.70)\nBuild info: version: '4.25.0', revision: '8a8aea2337'\nSystem info: os.name: 'Mac OS X', os.arch: 'x86_64', os.version: '15.0.1', java.version: '17.0.9'\nDriver info: org.openqa.selenium.chrome.ChromeDriver\nCommand: [a178af338e9ec4205c0f36e17e5541db, clickElement {id=f.85179FA204C8F9927E233E86E99C4FE2.d.89A9DFD714125FF1C725F0F956E6669C.e.11}]\nCapabilities {acceptInsecureCerts: false, browserName: chrome, browserVersion: 130.0.6723.70, chrome: {chromedriverVersion: 130.0.6723.69 (3ec172b971b9..., userDataDir: /var/folders/14/9snw41b17dg...}, fedcm:accounts: true, goog:chromeOptions: {debuggerAddress: localhost:52229}, networkConnectionEnabled: false, pageLoadStrategy: normal, platformName: mac, proxy: Proxy(), se:cdp: ws://localhost:52229/devtoo..., se:cdpVersion: 130.0.6723.70, setWindowRect: true, strictFileInteractability: false, timeouts: {implicit: 0, pageLoad: 300000, script: 30000}, unhandledPromptBehavior: dismiss and notify, webauthn:extension:credBlob: true, webauthn:extension:largeBlob: true, webauthn:extension:minPinLength: true, webauthn:extension:prf: true, webauthn:virtualAuthenticators: true}\nElement: [[ChromeDriver: chrome on mac (a178af338e9ec4205c0f36e17e5541db)] -> xpath: //button[normalize-space()='Add New Batch']]\nSession ID: a178af338e9ec4205c0f36e17e5541db\n\tat java.base/jdk.internal.reflect.NativeConstructorAccessorImpl.newInstance0(Native Method)\n\tat java.base/jdk.internal.reflect.NativeConstructorAccessorImpl.newInstance(NativeConstructorAccessorImpl.java:77)\n\tat java.base/jdk.internal.reflect.DelegatingConstructorAccessorImpl.newInstance(DelegatingConstructorAccessorImpl.java:45)\n\tat java.base/java.lang.reflect.Constructor.newInstanceWithCaller(Constructor.java:499)\n\tat java.base/java.lang.reflect.Constructor.newInstance(Constructor.java:480)\n\tat org.openqa.selenium.remote.ErrorCodec.decode(ErrorCodec.java:167)\n\tat org.openqa.selenium.remote.codec.w3c.W3CHttpResponseCodec.decode(W3CHttpResponseCodec.java:138)\n\tat org.openqa.selenium.remote.codec.w3c.W3CHttpResponseCodec.decode(W3CHttpResponseCodec.java:50)\n\tat org.openqa.selenium.remote.HttpCommandExecutor.execute(HttpCommandExecutor.java:190)\n\tat org.openqa.selenium.remote.service.DriverCommandExecutor.invokeExecute(DriverCommandExecutor.java:216)\n\tat org.openqa.selenium.remote.service.DriverCommandExecutor.execute(DriverCommandExecutor.java:174)\n\tat org.openqa.selenium.remote.RemoteWebDriver.execute(RemoteWebDriver.java:545)\n\tat org.openqa.selenium.remote.RemoteWebElement.execute(RemoteWebElement.java:223)\n\tat org.openqa.selenium.remote.RemoteWebElement.click(RemoteWebElement.java:76)\n\tat jdk.internal.reflect.GeneratedMethodAccessor78.invoke(Unknown Source)\n\tat java.base/jdk.internal.reflect.DelegatingMethodAccessorImpl.invoke(DelegatingMethodAccessorImpl.java:43)\n\tat java.base/java.lang.reflect.Method.invoke(Method.java:568)\n\tat org.openqa.selenium.support.pagefactory.internal.LocatingElementHandler.invoke(LocatingElementHandler.java:51)\n\tat jdk.proxy2/jdk.proxy2.$Proxy41.click(Unknown Source)\n\tat pageObjects.DashboardPage.clickAddBatchLink(DashboardPage.java:58)\n\tat stepDefinitions.Batch_AddNewBatch.admin_clicks_on_under_the_menu_bar(Batch_AddNewBatch.java:42)\n\tat ✽.Admin clicks on \"Add New batch\" under the \"batch\" menu bar(file:///Users/mathumathibalakrishnan/git/Team13_SeleniumPathfinders/src/test/resources/features/TC04_03_Add_New_Batch.feature:13)\n","steps":[],"attachments":[{"uid":"61122bcbce014626","name":"failed scenario screenshot","source":"61122bcbce014626.png","type":"image/png","size":179381}],"parameters":[],"stepsCount":0,"hasContent":true,"shouldDisplayMessage":true,"attachmentsCount":1,"attachmentStep":false},"afterStages":[],"labels":[{"name":"package","value":"runner.TestRunner"},{"name":"testClass","value":"runner.TestRunner"},{"name":"testMethod","value":"runScenario"},{"name":"parentSuite","value":"Default suite"},{"name":"suite","value":"Default test"},{"name":"subSuite","value":"runner.TestRunner"},{"name":"host","value":"Dheenathayalans-MacBook-Air.local"},{"name":"thread","value":"25897@Dheenathayalans-MacBook-Air.local.main(1)"},{"name":"framework","value":"testng"},{"name":"language","value":"java"},{"name":"resultFormat","value":"allure2"}],"parameters":[{"name":"arg0","value":"\"Validate Admin able to click on the Add new Batch Option\""},{"name":"arg1","value":"\"Add New Batch\""}],"links":[],"hidden":true,"retry":true,"extra":{"categories":[],"tags":[]},"source":"f36d32932a97f90d.json","parameterValues":["\"Validate Admin able to click on the Add new Batch Option\"","\"Add New Batch\""]}